Removed Pin From Net: NetName=ADC2 Pin=C25-1
Removed Pin From Net: NetName=GND Pin=C25-2
Removed Pin From Net: NetName=ADC3 Pin=C26-1
Removed Pin From Net: NetName=GND Pin=C26-2
Removed Pin From Net: NetName=ADC4 Pin=C27-1
Removed Pin From Net: NetName=GND Pin=C27-2
Removed Pin From Net: NetName=ADC5 Pin=C28-1
Removed Pin From Net: NetName=GND Pin=C28-2
Removed Pin From Net: NetName=ADC6 Pin=C29-1
Removed Pin From Net: NetName=GND Pin=C29-2
Removed Pin From Net: NetName=ADC7 Pin=C30-1
Removed Pin From Net: NetName=GND Pin=C30-2
Removed Pin From Net: NetName=ADC8 Pin=C31-1
Removed Pin From Net: NetName=GND Pin=C31-2
Removed Pin From Net: NetName=ADC9 Pin=C32-1
Removed Pin From Net: NetName=GND Pin=C32-2
Removed Pin From Net: NetName=ADC10 Pin=C33-1
Removed Pin From Net: NetName=GND Pin=C33-2
Removed Pin From Net: NetName=ADC11 Pin=C34-1
Removed Pin From Net: NetName=GND Pin=C34-2
Removed Pin From Net: NetName=ADC12 Pin=C35-1
Removed Pin From Net: NetName=GND Pin=C35-2
Removed Pin From Net: NetName=ADC13 Pin=C36-1
Removed Pin From Net: NetName=GND Pin=C36-2
Removed Pin From Net: NetName=ADC14 Pin=C37-1
Removed Pin From Net: NetName=GND Pin=C37-2
Removed Pin From Net: NetName=ADC15 Pin=C38-1
Removed Pin From Net: NetName=GND Pin=C38-2
Removed Pin From Net: NetName=ADC16 Pin=C39-1
Removed Pin From Net: NetName=GND Pin=C39-2
Removed Pin From Net: NetName=ADC17 Pin=C40-1
Removed Pin From Net: NetName=GND Pin=C40-2
Removed Pin From Net: NetName=ADC18 Pin=C41-1
Removed Pin From Net: NetName=GND Pin=C41-2
Removed Pin From Net: NetName=ADC19 Pin=C42-1
Removed Pin From Net: NetName=GND Pin=C42-2
Removed Pin From Net: NetName=ADC20 Pin=C43-1
Removed Pin From Net: NetName=GND Pin=C43-2
Removed Pin From Net: NetName=SWDIO Pin=CON3-2
Removed Pin From Net: NetName=SWCLK Pin=CON3-4
Removed Pin From Net: NetName=3.3V Pin=R23-1
Removed Pin From Net: NetName=3.3V Pin=R24-1
Removed Pin From Net: NetName=3.3V Pin=R25-1
Removed Pin From Net: NetName=3.3V Pin=R26-1
Removed Pin From Net: NetName=3.3V Pin=R28-1
Removed Pin From Net: NetName=3.3V Pin=R29-1
Removed Pin From Net: NetName=3.3V Pin=R30-1
Removed Pin From Net: NetName=3.3V Pin=R31-1
Removed Pin From Net: NetName=ADC2 Pin=R33-1
Removed Pin From Net: NetName=ADC3 Pin=R34-1
Removed Pin From Net: NetName=ADC4 Pin=R35-1
Removed Pin From Net: NetName=ADC5 Pin=R36-1
Removed Pin From Net: NetName=3.3V Pin=R37-1
Removed Pin From Net: NetName=3.3V Pin=R38-1
Removed Pin From Net: NetName=3.3V Pin=R39-1
Removed Pin From Net: NetName=3.3V Pin=R40-1
Removed Pin From Net: NetName=3.3V Pin=R41-1
Removed Pin From Net: NetName=3.3V Pin=R42-1
Removed Pin From Net: NetName=3.3V Pin=R43-1
Removed Pin From Net: NetName=3.3V Pin=R44-1
Removed Pin From Net: NetName=3.3V Pin=R45-1
Removed Pin From Net: NetName=3.3V Pin=R46-1
Removed Pin From Net: NetName=ADC6 Pin=R47-1
Removed Pin From Net: NetName=ADC7 Pin=R48-1
Removed Pin From Net: NetName=ADC8 Pin=R49-1
Removed Pin From Net: NetName=ADC9 Pin=R50-1
Removed Pin From Net: NetName=ADC10 Pin=R51-1
Removed Pin From Net: NetName=3.3V Pin=R52-1
Removed Pin From Net: NetName=3.3V Pin=R53-1
Removed Pin From Net: NetName=3.3V Pin=R54-1
Removed Pin From Net: NetName=3.3V Pin=R55-1
Removed Pin From Net: NetName=3.3V Pin=R56-1
Removed Pin From Net: NetName=3.3V Pin=R57-1
Removed Pin From Net: NetName=3.3V Pin=R58-1
Removed Pin From Net: NetName=3.3V Pin=R59-1
Removed Pin From Net: NetName=3.3V Pin=R60-1
Removed Pin From Net: NetName=3.3V Pin=R61-1
Removed Pin From Net: NetName=ADC11 Pin=R62-1
Removed Pin From Net: NetName=ADC12 Pin=R63-1
Removed Pin From Net: NetName=ADC13 Pin=R64-1
Removed Pin From Net: NetName=ADC14 Pin=R65-1
Removed Pin From Net: NetName=ADC15 Pin=R66-1
Removed Pin From Net: NetName=3.3V Pin=R67-1
Removed Pin From Net: NetName=3.3V Pin=R68-1
Removed Pin From Net: NetName=3.3V Pin=R69-1
Removed Pin From Net: NetName=3.3V Pin=R70-1
Removed Pin From Net: NetName=3.3V Pin=R71-1
Removed Pin From Net: NetName=3.3V Pin=R72-1
Removed Pin From Net: NetName=3.3V Pin=R73-1
Removed Pin From Net: NetName=3.3V Pin=R74-1
Removed Pin From Net: NetName=3.3V Pin=R75-1
Removed Pin From Net: NetName=3.3V Pin=R76-1
Removed Pin From Net: NetName=ADC16 Pin=R77-1
Removed Pin From Net: NetName=ADC17 Pin=R78-1
Removed Pin From Net: NetName=ADC18 Pin=R79-1
Removed Pin From Net: NetName=ADC19 Pin=R80-1
Removed Pin From Net: NetName=ADC20 Pin=R81-1
Removed Pin From Net: NetName=ADC1 Pin=R82-1
Removed Pin From Net: NetName=ADC11 Pin=R83-1
Removed Pin From Net: NetName=ADC2 Pin=R85-1
Removed Pin From Net: NetName=ADC12 Pin=R86-1
Removed Pin From Net: NetName=ADC3 Pin=R88-1
Removed Pin From Net: NetName=ADC13 Pin=R89-1
Removed Pin From Net: NetName=ADC4 Pin=R91-1
Removed Pin From Net: NetName=ADC14 Pin=R92-1
Removed Pin From Net: NetName=ADC5 Pin=R94-1
Removed Pin From Net: NetName=ADC15 Pin=R95-1
Removed Pin From Net: NetName=ADC6 Pin=R96-1
Removed Pin From Net: NetName=ADC16 Pin=R97-1
Removed Pin From Net: NetName=ADC7 Pin=R99-1
Removed Pin From Net: NetName=ADC17 Pin=R100-1
Removed Pin From Net: NetName=ADC8 Pin=R102-1
Removed Pin From Net: NetName=ADC18 Pin=R103-1
Removed Pin From Net: NetName=ADC9 Pin=R105-1
Removed Pin From Net: NetName=ADC19 Pin=R106-1
Removed Pin From Net: NetName=ADC10 Pin=R108-1
Removed Pin From Net: NetName=ADC20 Pin=R109-1
Removed Pin From Net: NetName=Enkoder P1 Pin=U1-2
Removed Pin From Net: NetName=Enkoder P2 Pin=U1-3
Removed Pin From Net: NetName=ADC12 Pin=U1-7
Removed Pin From Net: NetName=ADC13 Pin=U1-8
Removed Pin From Net: NetName=ADC14 Pin=U1-9
Removed Pin From Net: NetName=ADC15 Pin=U1-10
Removed Pin From Net: NetName=ADC16 Pin=U1-11
Removed Pin From Net: NetName=ADC17 Pin=U1-12
Removed Pin From Net: NetName=ADC18 Pin=U1-13
Removed Pin From Net: NetName=ADC19 Pin=U1-14
Removed Pin From Net: NetName=ADC20 Pin=U1-15
Removed Pin From Net: NetName=Enkoder L1 Pin=U1-22
Removed Pin From Net: NetName=Enkoder L2 Pin=U1-23
Removed Pin From Net: NetName=ADC2 Pin=U3-8
Removed Pin From Net: NetName=ADC3 Pin=U3-9
Removed Pin From Net: NetName=ADC4 Pin=U3-10
Removed Pin From Net: NetName=ADC5 Pin=U3-11
Removed Pin From Net: NetName=ADC6 Pin=U3-12
Removed Pin From Net: NetName=ADC7 Pin=U3-13
Removed Pin From Net: NetName=ADC8 Pin=U3-14
Removed Pin From Net: NetName=ADC9 Pin=U3-15
Removed Pin From Net: NetName=ADC10 Pin=U3-16
Removed Pin From Net: NetName=ADC11 Pin=U3-17
Removed Pin From Net: NetName=PA8 Pin=U3-18
Removed Pin From Net: NetName=PA9 Pin=U3-19
Removed Pin From Net: NetName=PA10 Pin=U3-21
Removed Pin From Net: NetName=PA11 Pin=U3-22
Removed Pin From Net: NetName=SWDIO Pin=U3-24
Removed Pin From Net: NetName=SWCLK Pin=U3-25
Removed Pin From Net: NetName=PA15 Pin=U3-26
Removed Pin From Net: NetName=PB4 Pin=U3-28
Removed Pin From Net: NetName=PB5 Pin=U3-29
Removed Pin From Net: NetName=UART RX Pin=U3-30
Removed Pin From Net: NetName=UART TX Pin=U3-31
Removed Member From Class: ClassName=KTIR-FRONT Member=C25
Removed Member From Class: ClassName=KTIR-FRONT Member=C26
Removed Member From Class: ClassName=KTIR-FRONT Member=C27
Removed Member From Class: ClassName=KTIR-FRONT Member=C28
Removed Member From Class: ClassName=KTIR-FRONT Member=C29
Removed Member From Class: ClassName=KTIR-FRONT Member=C30
Removed Member From Class: ClassName=KTIR-FRONT Member=C31
Removed Member From Class: ClassName=KTIR-FRONT Member=C32
Removed Member From Class: ClassName=KTIR-FRONT Member=C33
Removed Member From Class: ClassName=KTIR-FRONT Member=C34
Removed Member From Class: ClassName=KTIR-FRONT Member=C35
Removed Member From Class: ClassName=KTIR-FRONT Member=C36
Removed Member From Class: ClassName=KTIR-FRONT Member=C37
Removed Member From Class: ClassName=KTIR-FRONT Member=C38
Removed Member From Class: ClassName=KTIR-FRONT Member=C39
Removed Member From Class: ClassName=KTIR-FRONT Member=C40
Removed Member From Class: ClassName=KTIR-FRONT Member=C41
Removed Member From Class: ClassName=KTIR-FRONT Member=C42
Removed Member From Class: ClassName=KTIR-FRONT Member=C43
Removed Member From Class: ClassName=KTIR-FRONT Member=R23
Removed Member From Class: ClassName=KTIR-FRONT Member=R24
Removed Member From Class: ClassName=KTIR-FRONT Member=R25
Removed Member From Class: ClassName=KTIR-FRONT Member=R26
Removed Member From Class: ClassName=KTIR-FRONT Member=R28
Removed Member From Class: ClassName=KTIR-FRONT Member=R29
Removed Member From Class: ClassName=KTIR-FRONT Member=R30
Removed Member From Class: ClassName=KTIR-FRONT Member=R31
Removed Member From Class: ClassName=KTIR-FRONT Member=R33
Removed Member From Class: ClassName=KTIR-FRONT Member=R34
Removed Member From Class: ClassName=KTIR-FRONT Member=R35
Removed Member From Class: ClassName=KTIR-FRONT Member=R36
Removed Member From Class: ClassName=KTIR-FRONT Member=R37
Removed Member From Class: ClassName=KTIR-FRONT Member=R38
Removed Member From Class: ClassName=KTIR-FRONT Member=R39
Removed Member From Class: ClassName=KTIR-FRONT Member=R40
Removed Member From Class: ClassName=KTIR-FRONT Member=R41
Removed Member From Class: ClassName=KTIR-FRONT Member=R42
Removed Member From Class: ClassName=KTIR-FRONT Member=R43
Removed Member From Class: ClassName=KTIR-FRONT Member=R44
Removed Member From Class: ClassName=KTIR-FRONT Member=R45
Removed Member From Class: ClassName=KTIR-FRONT Member=R46
Removed Member From Class: ClassName=KTIR-FRONT Member=R47
Removed Member From Class: ClassName=KTIR-FRONT Member=R48
Removed Member From Class: ClassName=KTIR-FRONT Member=R49
Removed Member From Class: ClassName=KTIR-FRONT Member=R50
Removed Member From Class: ClassName=KTIR-FRONT Member=R51
Removed Member From Class: ClassName=KTIR-FRONT Member=R52
Removed Member From Class: ClassName=KTIR-FRONT Member=R53
Removed Member From Class: ClassName=KTIR-FRONT Member=R54
Removed Member From Class: ClassName=KTIR-FRONT Member=R55
Removed Member From Class: ClassName=KTIR-FRONT Member=R56
Removed Member From Class: ClassName=KTIR-FRONT Member=R57
Removed Member From Class: ClassName=KTIR-FRONT Member=R58
Removed Member From Class: ClassName=KTIR-FRONT Member=R59
Removed Member From Class: ClassName=KTIR-FRONT Member=R60
Removed Member From Class: ClassName=KTIR-FRONT Member=R61
Removed Member From Class: ClassName=KTIR-FRONT Member=R62
Removed Member From Class: ClassName=KTIR-FRONT Member=R63
Removed Member From Class: ClassName=KTIR-FRONT Member=R64
Removed Member From Class: ClassName=KTIR-FRONT Member=R65
Removed Member From Class: ClassName=KTIR-FRONT Member=R66
Removed Member From Class: ClassName=KTIR-FRONT Member=R67
Removed Member From Class: ClassName=KTIR-FRONT Member=R68
Removed Member From Class: ClassName=KTIR-FRONT Member=R69
Removed Member From Class: ClassName=KTIR-FRONT Member=R70
Removed Member From Class: ClassName=KTIR-FRONT Member=R71
Removed Member From Class: ClassName=KTIR-FRONT Member=R72
Removed Member From Class: ClassName=KTIR-FRONT Member=R73
Removed Member From Class: ClassName=KTIR-FRONT Member=R74
Removed Member From Class: ClassName=KTIR-FRONT Member=R75
Removed Member From Class: ClassName=KTIR-FRONT Member=R76
Removed Member From Class: ClassName=KTIR-FRONT Member=R77
Removed Member From Class: ClassName=KTIR-FRONT Member=R78
Removed Member From Class: ClassName=KTIR-FRONT Member=R79
Removed Member From Class: ClassName=KTIR-FRONT Member=R80
Removed Member From Class: ClassName=KTIR-FRONT Member=R81
Add Component: Footprint Not Found LGA-14_1
Add Component: Footprint Not Found CAPPRD500W60D1025H1750
Add Component: Footprint Not Found CAPPRD500W60D1025H1750
Add Component: Footprint Not Found CAPPRD500W60D1025H1750
Add Component: Footprint Not Found CAPPRD500W60D1025H1750
Add Component: Footprint Not Found CAPPRD500W60D1025H1750
Added Component: Designator=C?(C 0603)
Added Component: Designator=C?(C 0603)
Added Component: Designator=C?(C 0603)
Added Component: Designator=C?(C 0603)
Added Component: Designator=C?(C 0603)
Added Component: Designator=C?(C 0603)
Added Component: Designator=C?(C 0603)
Added Component: Designator=C?(C 0603)
Added Component: Designator=C?(C 0603)
Added Component: Designator=C?(C 0603)
Added Component: Designator=C?(C 0603)
Added Component: Designator=C?(C 0603)
Added Component: Designator=C?(C 0603)
Added Component: Designator=C?(C 0603)
Added Component: Designator=C?(C 0603)
Added Component: Designator=C?(C 0603)
Added Component: Designator=C?(C 0603)
Added Component: Designator=C?(C 0603)
Added Component: Designator=C?(C 0603)
Add Component: Footprint Not Found SON50P200X200X80-9N-D
Added Component: Designator=IC?(KTIR0711S)
Add component (AddParameter): Name = "Arrow Part Number"; Value = ""; VariantName = "[No Variations]"
Add component (AddParameter): Name = "Arrow Price/Stock"; Value = ""; VariantName = "[No Variations]"
Add component (AddParameter): Name = "Datasheet Link"; Value = "https://componentsearchengine.com/Datasheets/2/KTIR0711S.pdf"; VariantName = "[No Variations]"
Add component (AddParameter): Name = "Height"; Value = "1.75mm"; VariantName = "[No Variations]"
Add component (AddParameter): Name = "Manufacturer_Name"; Value = "Kingbright"; VariantName = "[No Variations]"
Add component (AddParameter): Name = "Manufacturer_Part_Number"; Value = "KTIR0711S"; VariantName = "[No Variations]"
Add component (AddParameter): Name = "Mouser Part Number"; Value = "N/A"; VariantName = "[No Variations]"
Add component (AddParameter): Name = "Mouser Price/Stock"; Value = "https://www.mouser.co.uk/ProductDetail/Kingbright/KTIR0711S?qs=2JU0tDl2GZ3YXiPz2j0FpQ%3D%3D"; VariantName = "[No Variations]"
Added Component: Designator=IC?(KTIR0711S)
Add component (AddParameter): Name = "Arrow Part Number"; Value = ""; VariantName = "[No Variations]"
Add component (AddParameter): Name = "Arrow Price/Stock"; Value = ""; VariantName = "[No Variations]"
Add component (AddParameter): Name = "Datasheet Link"; Value = "https://componentsearchengine.com/Datasheets/2/KTIR0711S.pdf"; VariantName = "[No Variations]"
Add component (AddParameter): Name = "Height"; Value = "1.75mm"; VariantName = "[No Variations]"
Add component (AddParameter): Name = "Manufacturer_Name"; Value = "Kingbright"; VariantName = "[No Variations]"
Add component (AddParameter): Name = "Manufacturer_Part_Number"; Value = "KTIR0711S"; VariantName = "[No Variations]"
Add component (AddParameter): Name = "Mouser Part Number"; Value = "N/A"; VariantName = "[No Variations]"
Add component (AddParameter): Name = "Mouser Price/Stock"; Value = "https://www.mouser.co.uk/ProductDetail/Kingbright/KTIR0711S?qs=2JU0tDl2GZ3YXiPz2j0FpQ%3D%3D"; VariantName = "[No Variations]"
Added Component: Designator=IC?(KTIR0711S)
Add component (AddParameter): Name = "Arrow Part Number"; Value = ""; VariantName = "[No Variations]"
Add component (AddParameter): Name = "Arrow Price/Stock"; Value = ""; VariantName = "[No Variations]"
Add component (AddParameter): Name = "Datasheet Link"; Value = "https://componentsearchengine.com/Datasheets/2/KTIR0711S.pdf"; VariantName = "[No Variations]"
Add component (AddParameter): Name = "Height"; Value = "1.75mm"; VariantName = "[No Variations]"
Add component (AddParameter): Name = "Manufacturer_Name"; Value = "Kingbright"; VariantName = "[No Variations]"
Add component (AddParameter): Name = "Manufacturer_Part_Number"; Value = "KTIR0711S"; VariantName = "[No Variations]"
Add component (AddParameter): Name = "Mouser Part Number"; Value = "N/A"; VariantName = "[No Variations]"
Add component (AddParameter): Name = "Mouser Price/Stock"; Value = "https://www.mouser.co.uk/ProductDetail/Kingbright/KTIR0711S?qs=2JU0tDl2GZ3YXiPz2j0FpQ%3D%3D"; VariantName = "[No Variations]"
Added Component: Designator=IC?(KTIR0711S)
Add component (AddParameter): Name = "Arrow Part Number"; Value = ""; VariantName = "[No Variations]"
Add component (AddParameter): Name = "Arrow Price/Stock"; Value = ""; VariantName = "[No Variations]"
Add component (AddParameter): Name = "Datasheet Link"; Value = "https://componentsearchengine.com/Datasheets/2/KTIR0711S.pdf"; VariantName = "[No Variations]"
Add component (AddParameter): Name = "Height"; Value = "1.75mm"; VariantName = "[No Variations]"
Add component (AddParameter): Name = "Manufacturer_Name"; Value = "Kingbright"; VariantName = "[No Variations]"
Add component (AddParameter): Name = "Manufacturer_Part_Number"; Value = "KTIR0711S"; VariantName = "[No Variations]"
Add component (AddParameter): Name = "Mouser Part Number"; Value = "N/A"; VariantName = "[No Variations]"
Add component (AddParameter): Name = "Mouser Price/Stock"; Value = "https://www.mouser.co.uk/ProductDetail/Kingbright/KTIR0711S?qs=2JU0tDl2GZ3YXiPz2j0FpQ%3D%3D"; VariantName = "[No Variations]"
Added Component: Designator=IC?(KTIR0711S)
Add component (AddParameter): Name = "Arrow Part Number"; Value = ""; VariantName = "[No Variations]"
Add component (AddParameter): Name = "Arrow Price/Stock"; Value = ""; VariantName = "[No Variations]"
Add component (AddParameter): Name = "Datasheet Link"; Value = "https://componentsearchengine.com/Datasheets/2/KTIR0711S.pdf"; VariantName = "[No Variations]"
Add component (AddParameter): Name = "Height"; Value = "1.75mm"; VariantName = "[No Variations]"
Add component (AddParameter): Name = "Manufacturer_Name"; Value = "Kingbright"; VariantName = "[No Variations]"
Add component (AddParameter): Name = "Manufacturer_Part_Number"; Value = "KTIR0711S"; VariantName = "[No Variations]"
Add component (AddParameter): Name = "Mouser Part Number"; Value = "N/A"; VariantName = "[No Variations]"
Add component (AddParameter): Name = "Mouser Price/Stock"; Value = "https://www.mouser.co.uk/ProductDetail/Kingbright/KTIR0711S?qs=2JU0tDl2GZ3YXiPz2j0FpQ%3D%3D"; VariantName = "[No Variations]"
Added Component: Designator=IC?(KTIR0711S)
Add component (AddParameter): Name = "Arrow Part Number"; Value = ""; VariantName = "[No Variations]"
Add component (AddParameter): Name = "Arrow Price/Stock"; Value = ""; VariantName = "[No Variations]"
Add component (AddParameter): Name = "Datasheet Link"; Value = "https://componentsearchengine.com/Datasheets/2/KTIR0711S.pdf"; VariantName = "[No Variations]"
Add component (AddParameter): Name = "Height"; Value = "1.75mm"; VariantName = "[No Variations]"
Add component (AddParameter): Name = "Manufacturer_Name"; Value = "Kingbright"; VariantName = "[No Variations]"
Add component (AddParameter): Name = "Manufacturer_Part_Number"; Value = "KTIR0711S"; VariantName = "[No Variations]"
Add component (AddParameter): Name = "Mouser Part Number"; Value = "N/A"; VariantName = "[No Variations]"
Add component (AddParameter): Name = "Mouser Price/Stock"; Value = "https://www.mouser.co.uk/ProductDetail/Kingbright/KTIR0711S?qs=2JU0tDl2GZ3YXiPz2j0FpQ%3D%3D"; VariantName = "[No Variations]"
Added Component: Designator=IC?(KTIR0711S)
Add component (AddParameter): Name = "Arrow Part Number"; Value = ""; VariantName = "[No Variations]"
Add component (AddParameter): Name = "Arrow Price/Stock"; Value = ""; VariantName = "[No Variations]"
Add component (AddParameter): Name = "Datasheet Link"; Value = "https://componentsearchengine.com/Datasheets/2/KTIR0711S.pdf"; VariantName = "[No Variations]"
Add component (AddParameter): Name = "Height"; Value = "1.75mm"; VariantName = "[No Variations]"
Add component (AddParameter): Name = "Manufacturer_Name"; Value = "Kingbright"; VariantName = "[No Variations]"
Add component (AddParameter): Name = "Manufacturer_Part_Number"; Value = "KTIR0711S"; VariantName = "[No Variations]"
Add component (AddParameter): Name = "Mouser Part Number"; Value = "N/A"; VariantName = "[No Variations]"
Add component (AddParameter): Name = "Mouser Price/Stock"; Value = "https://www.mouser.co.uk/ProductDetail/Kingbright/KTIR0711S?qs=2JU0tDl2GZ3YXiPz2j0FpQ%3D%3D"; VariantName = "[No Variations]"
Added Component: Designator=IC?(KTIR0711S)
Add component (AddParameter): Name = "Arrow Part Number"; Value = ""; VariantName = "[No Variations]"
Add component (AddParameter): Name = "Arrow Price/Stock"; Value = ""; VariantName = "[No Variations]"
Add component (AddParameter): Name = "Datasheet Link"; Value = "https://componentsearchengine.com/Datasheets/2/KTIR0711S.pdf"; VariantName = "[No Variations]"
Add component (AddParameter): Name = "Height"; Value = "1.75mm"; VariantName = "[No Variations]"
Add component (AddParameter): Name = "Manufacturer_Name"; Value = "Kingbright"; VariantName = "[No Variations]"
Add component (AddParameter): Name = "Manufacturer_Part_Number"; Value = "KTIR0711S"; VariantName = "[No Variations]"
Add component (AddParameter): Name = "Mouser Part Number"; Value = "N/A"; VariantName = "[No Variations]"
Add component (AddParameter): Name = "Mouser Price/Stock"; Value = "https://www.mouser.co.uk/ProductDetail/Kingbright/KTIR0711S?qs=2JU0tDl2GZ3YXiPz2j0FpQ%3D%3D"; VariantName = "[No Variations]"
Added Component: Designator=IC?(KTIR0711S)
Add component (AddParameter): Name = "Arrow Part Number"; Value = ""; VariantName = "[No Variations]"
Add component (AddParameter): Name = "Arrow Price/Stock"; Value = ""; VariantName = "[No Variations]"
Add component (AddParameter): Name = "Datasheet Link"; Value = "https://componentsearchengine.com/Datasheets/2/KTIR0711S.pdf"; VariantName = "[No Variations]"
Add component (AddParameter): Name = "Height"; Value = "1.75mm"; VariantName = "[No Variations]"
Add component (AddParameter): Name = "Manufacturer_Name"; Value = "Kingbright"; VariantName = "[No Variations]"
Add component (AddParameter): Name = "Manufacturer_Part_Number"; Value = "KTIR0711S"; VariantName = "[No Variations]"
Add component (AddParameter): Name = "Mouser Part Number"; Value = "N/A"; VariantName = "[No Variations]"
Add component (AddParameter): Name = "Mouser Price/Stock"; Value = "https://www.mouser.co.uk/ProductDetail/Kingbright/KTIR0711S?qs=2JU0tDl2GZ3YXiPz2j0FpQ%3D%3D"; VariantName = "[No Variations]"
Added Component: Designator=IC?(KTIR0711S)
Add component (AddParameter): Name = "Arrow Part Number"; Value = ""; VariantName = "[No Variations]"
Add component (AddParameter): Name = "Arrow Price/Stock"; Value = ""; VariantName = "[No Variations]"
Add component (AddParameter): Name = "Datasheet Link"; Value = "https://componentsearchengine.com/Datasheets/2/KTIR0711S.pdf"; VariantName = "[No Variations]"
Add component (AddParameter): Name = "Height"; Value = "1.75mm"; VariantName = "[No Variations]"
Add component (AddParameter): Name = "Manufacturer_Name"; Value = "Kingbright"; VariantName = "[No Variations]"
Add component (AddParameter): Name = "Manufacturer_Part_Number"; Value = "KTIR0711S"; VariantName = "[No Variations]"
Add component (AddParameter): Name = "Mouser Part Number"; Value = "N/A"; VariantName = "[No Variations]"
Add component (AddParameter): Name = "Mouser Price/Stock"; Value = "https://www.mouser.co.uk/ProductDetail/Kingbright/KTIR0711S?qs=2JU0tDl2GZ3YXiPz2j0FpQ%3D%3D"; VariantName = "[No Variations]"
Added Component: Designator=IC?(KTIR0711S)
Add component (AddParameter): Name = "Arrow Part Number"; Value = ""; VariantName = "[No Variations]"
Add component (AddParameter): Name = "Arrow Price/Stock"; Value = ""; VariantName = "[No Variations]"
Add component (AddParameter): Name = "Datasheet Link"; Value = "https://componentsearchengine.com/Datasheets/2/KTIR0711S.pdf"; VariantName = "[No Variations]"
Add component (AddParameter): Name = "Height"; Value = "1.75mm"; VariantName = "[No Variations]"
Add component (AddParameter): Name = "Manufacturer_Name"; Value = "Kingbright"; VariantName = "[No Variations]"
Add component (AddParameter): Name = "Manufacturer_Part_Number"; Value = "KTIR0711S"; VariantName = "[No Variations]"
Add component (AddParameter): Name = "Mouser Part Number"; Value = "N/A"; VariantName = "[No Variations]"
Add component (AddParameter): Name = "Mouser Price/Stock"; Value = "https://www.mouser.co.uk/ProductDetail/Kingbright/KTIR0711S?qs=2JU0tDl2GZ3YXiPz2j0FpQ%3D%3D"; VariantName = "[No Variations]"
Added Component: Designator=IC?(KTIR0711S)
Add component (AddParameter): Name = "Arrow Part Number"; Value = ""; VariantName = "[No Variations]"
Add component (AddParameter): Name = "Arrow Price/Stock"; Value = ""; VariantName = "[No Variations]"
Add component (AddParameter): Name = "Datasheet Link"; Value = "https://componentsearchengine.com/Datasheets/2/KTIR0711S.pdf"; VariantName = "[No Variations]"
Add component (AddParameter): Name = "Height"; Value = "1.75mm"; VariantName = "[No Variations]"
Add component (AddParameter): Name = "Manufacturer_Name"; Value = "Kingbright"; VariantName = "[No Variations]"
Add component (AddParameter): Name = "Manufacturer_Part_Number"; Value = "KTIR0711S"; VariantName = "[No Variations]"
Add component (AddParameter): Name = "Mouser Part Number"; Value = "N/A"; VariantName = "[No Variations]"
Add component (AddParameter): Name = "Mouser Price/Stock"; Value = "https://www.mouser.co.uk/ProductDetail/Kingbright/KTIR0711S?qs=2JU0tDl2GZ3YXiPz2j0FpQ%3D%3D"; VariantName = "[No Variations]"
Added Component: Designator=IC?(KTIR0711S)
Add component (AddParameter): Name = "Arrow Part Number"; Value = ""; VariantName = "[No Variations]"
Add component (AddParameter): Name = "Arrow Price/Stock"; Value = ""; VariantName = "[No Variations]"
Add component (AddParameter): Name = "Datasheet Link"; Value = "https://componentsearchengine.com/Datasheets/2/KTIR0711S.pdf"; VariantName = "[No Variations]"
Add component (AddParameter): Name = "Height"; Value = "1.75mm"; VariantName = "[No Variations]"
Add component (AddParameter): Name = "Manufacturer_Name"; Value = "Kingbright"; VariantName = "[No Variations]"
Add component (AddParameter): Name = "Manufacturer_Part_Number"; Value = "KTIR0711S"; VariantName = "[No Variations]"
Add component (AddParameter): Name = "Mouser Part Number"; Value = "N/A"; VariantName = "[No Variations]"
Add component (AddParameter): Name = "Mouser Price/Stock"; Value = "https://www.mouser.co.uk/ProductDetail/Kingbright/KTIR0711S?qs=2JU0tDl2GZ3YXiPz2j0FpQ%3D%3D"; VariantName = "[No Variations]"
Added Component: Designator=IC?(KTIR0711S)
Add component (AddParameter): Name = "Arrow Part Number"; Value = ""; VariantName = "[No Variations]"
Add component (AddParameter): Name = "Arrow Price/Stock"; Value = ""; VariantName = "[No Variations]"
Add component (AddParameter): Name = "Datasheet Link"; Value = "https://componentsearchengine.com/Datasheets/2/KTIR0711S.pdf"; VariantName = "[No Variations]"
Add component (AddParameter): Name = "Height"; Value = "1.75mm"; VariantName = "[No Variations]"
Add component (AddParameter): Name = "Manufacturer_Name"; Value = "Kingbright"; VariantName = "[No Variations]"
Add component (AddParameter): Name = "Manufacturer_Part_Number"; Value = "KTIR0711S"; VariantName = "[No Variations]"
Add component (AddParameter): Name = "Mouser Part Number"; Value = "N/A"; VariantName = "[No Variations]"
Add component (AddParameter): Name = "Mouser Price/Stock"; Value = "https://www.mouser.co.uk/ProductDetail/Kingbright/KTIR0711S?qs=2JU0tDl2GZ3YXiPz2j0FpQ%3D%3D"; VariantName = "[No Variations]"
Added Component: Designator=IC?(KTIR0711S)
Add component (AddParameter): Name = "Arrow Part Number"; Value = ""; VariantName = "[No Variations]"
Add component (AddParameter): Name = "Arrow Price/Stock"; Value = ""; VariantName = "[No Variations]"
Add component (AddParameter): Name = "Datasheet Link"; Value = "https://componentsearchengine.com/Datasheets/2/KTIR0711S.pdf"; VariantName = "[No Variations]"
Add component (AddParameter): Name = "Height"; Value = "1.75mm"; VariantName = "[No Variations]"
Add component (AddParameter): Name = "Manufacturer_Name"; Value = "Kingbright"; VariantName = "[No Variations]"
Add component (AddParameter): Name = "Manufacturer_Part_Number"; Value = "KTIR0711S"; VariantName = "[No Variations]"
Add component (AddParameter): Name = "Mouser Part Number"; Value = "N/A"; VariantName = "[No Variations]"
Add component (AddParameter): Name = "Mouser Price/Stock"; Value = "https://www.mouser.co.uk/ProductDetail/Kingbright/KTIR0711S?qs=2JU0tDl2GZ3YXiPz2j0FpQ%3D%3D"; VariantName = "[No Variations]"
Added Component: Designator=IC?(KTIR0711S)
Add component (AddParameter): Name = "Arrow Part Number"; Value = ""; VariantName = "[No Variations]"
Add component (AddParameter): Name = "Arrow Price/Stock"; Value = ""; VariantName = "[No Variations]"
Add component (AddParameter): Name = "Datasheet Link"; Value = "https://componentsearchengine.com/Datasheets/2/KTIR0711S.pdf"; VariantName = "[No Variations]"
Add component (AddParameter): Name = "Height"; Value = "1.75mm"; VariantName = "[No Variations]"
Add component (AddParameter): Name = "Manufacturer_Name"; Value = "Kingbright"; VariantName = "[No Variations]"
Add component (AddParameter): Name = "Manufacturer_Part_Number"; Value = "KTIR0711S"; VariantName = "[No Variations]"
Add component (AddParameter): Name = "Mouser Part Number"; Value = "N/A"; VariantName = "[No Variations]"
Add component (AddParameter): Name = "Mouser Price/Stock"; Value = "https://www.mouser.co.uk/ProductDetail/Kingbright/KTIR0711S?qs=2JU0tDl2GZ3YXiPz2j0FpQ%3D%3D"; VariantName = "[No Variations]"
Added Component: Designator=IC?(KTIR0711S)
Add component (AddParameter): Name = "Arrow Part Number"; Value = ""; VariantName = "[No Variations]"
Add component (AddParameter): Name = "Arrow Price/Stock"; Value = ""; VariantName = "[No Variations]"
Add component (AddParameter): Name = "Datasheet Link"; Value = "https://componentsearchengine.com/Datasheets/2/KTIR0711S.pdf"; VariantName = "[No Variations]"
Add component (AddParameter): Name = "Height"; Value = "1.75mm"; VariantName = "[No Variations]"
Add component (AddParameter): Name = "Manufacturer_Name"; Value = "Kingbright"; VariantName = "[No Variations]"
Add component (AddParameter): Name = "Manufacturer_Part_Number"; Value = "KTIR0711S"; VariantName = "[No Variations]"
Add component (AddParameter): Name = "Mouser Part Number"; Value = "N/A"; VariantName = "[No Variations]"
Add component (AddParameter): Name = "Mouser Price/Stock"; Value = "https://www.mouser.co.uk/ProductDetail/Kingbright/KTIR0711S?qs=2JU0tDl2GZ3YXiPz2j0FpQ%3D%3D"; VariantName = "[No Variations]"
Added Component: Designator=IC?(KTIR0711S)
Add component (AddParameter): Name = "Arrow Part Number"; Value = ""; VariantName = "[No Variations]"
Add component (AddParameter): Name = "Arrow Price/Stock"; Value = ""; VariantName = "[No Variations]"
Add component (AddParameter): Name = "Datasheet Link"; Value = "https://componentsearchengine.com/Datasheets/2/KTIR0711S.pdf"; VariantName = "[No Variations]"
Add component (AddParameter): Name = "Height"; Value = "1.75mm"; VariantName = "[No Variations]"
Add component (AddParameter): Name = "Manufacturer_Name"; Value = "Kingbright"; VariantName = "[No Variations]"
Add component (AddParameter): Name = "Manufacturer_Part_Number"; Value = "KTIR0711S"; VariantName = "[No Variations]"
Add component (AddParameter): Name = "Mouser Part Number"; Value = "N/A"; VariantName = "[No Variations]"
Add component (AddParameter): Name = "Mouser Price/Stock"; Value = "https://www.mouser.co.uk/ProductDetail/Kingbright/KTIR0711S?qs=2JU0tDl2GZ3YXiPz2j0FpQ%3D%3D"; VariantName = "[No Variations]"
Added Component: Designator=IC?(KTIR0711S)
Add component (AddParameter): Name = "Arrow Part Number"; Value = ""; VariantName = "[No Variations]"
Add component (AddParameter): Name = "Arrow Price/Stock"; Value = ""; VariantName = "[No Variations]"
Add component (AddParameter): Name = "Datasheet Link"; Value = "https://componentsearchengine.com/Datasheets/2/KTIR0711S.pdf"; VariantName = "[No Variations]"
Add component (AddParameter): Name = "Height"; Value = "1.75mm"; VariantName = "[No Variations]"
Add component (AddParameter): Name = "Manufacturer_Name"; Value = "Kingbright"; VariantName = "[No Variations]"
Add component (AddParameter): Name = "Manufacturer_Part_Number"; Value = "KTIR0711S"; VariantName = "[No Variations]"
Add component (AddParameter): Name = "Mouser Part Number"; Value = "N/A"; VariantName = "[No Variations]"
Add component (AddParameter): Name = "Mouser Price/Stock"; Value = "https://www.mouser.co.uk/ProductDetail/Kingbright/KTIR0711S?qs=2JU0tDl2GZ3YXiPz2j0FpQ%3D%3D"; VariantName = "[No Variations]"
Added Component: Designator=IC?(KTIR0711S)
Add component (AddParameter): Name = "Arrow Part Number"; Value = ""; VariantName = "[No Variations]"
Add component (AddParameter): Name = "Arrow Price/Stock"; Value = ""; VariantName = "[No Variations]"
Add component (AddParameter): Name = "Datasheet Link"; Value = "https://componentsearchengine.com/Datasheets/2/KTIR0711S.pdf"; VariantName = "[No Variations]"
Add component (AddParameter): Name = "Height"; Value = "1.75mm"; VariantName = "[No Variations]"
Add component (AddParameter): Name = "Manufacturer_Name"; Value = "Kingbright"; VariantName = "[No Variations]"
Add component (AddParameter): Name = "Manufacturer_Part_Number"; Value = "KTIR0711S"; VariantName = "[No Variations]"
Add component (AddParameter): Name = "Mouser Part Number"; Value = "N/A"; VariantName = "[No Variations]"
Add component (AddParameter): Name = "Mouser Price/Stock"; Value = "https://www.mouser.co.uk/ProductDetail/Kingbright/KTIR0711S?qs=2JU0tDl2GZ3YXiPz2j0FpQ%3D%3D"; VariantName = "[No Variations]"
Added Component: Designator=R?(R 0603)
Added Component: Designator=R?(R 0603)
Added Component: Designator=R?(R 0603)
Added Component: Designator=R?(R 0603)
Added Component: Designator=R?(R 0603)
Added Component: Designator=R?(R 0603)
Added Component: Designator=R?(R 0603)
Added Component: Designator=R?(R 0603)
Added Component: Designator=R?(R 0603)
Added Component: Designator=R?(R 0603)
Added Component: Designator=R?(R 0603)
Added Component: Designator=R?(R 0603)
Added Component: Designator=R?(R 0603)
Added Component: Designator=R?(R 0603)
Added Component: Designator=R?(R 0603)
Added Component: Designator=R?(R 0603)
Added Component: Designator=R?(R 0603)
Added Component: Designator=R?(R 0603)
Added Component: Designator=R?(R 0603)
Added Component: Designator=R?(R 0603)
Added Component: Designator=R?(R 0603)
Added Component: Designator=R?(R 0603)
Added Component: Designator=R?(R 0603)
Added Component: Designator=R?(R 0603)
Added Component: Designator=R?(R 0603)
Added Component: Designator=R?(R 0603)
Added Component: Designator=R?(R 0603)
Added Component: Designator=R?(R 0603)
Added Component: Designator=R?(R 0603)
Added Component: Designator=R?(R 0603)
Added Component: Designator=R?(R 0603)
Added Component: Designator=R?(R 0603)
Added Component: Designator=R?(R 0603)
Added Component: Designator=R?(R 0603)
Added Component: Designator=R?(R 0603)
Added Component: Designator=R?(R 0603)
Added Component: Designator=R?(R 0603)
Added Component: Designator=R?(R 0603)
Added Component: Designator=R?(R 0603)
Added Component: Designator=R?(R 0603)
Added Component: Designator=R?(R 0603)
Added Component: Designator=R?(R 0603)
Added Component: Designator=R?(R 0603)
Added Component: Designator=R?(R 0603)
Added Component: Designator=R?(R 0603)
Added Component: Designator=R?(R 0603)
Added Component: Designator=R?(R 0603)
Added Component: Designator=R?(R 0603)
Added Component: Designator=R?(R 0603)
Added Component: Designator=R?(R 0603)
Added Component: Designator=R?(R 0603)
Added Component: Designator=R?(R 0603)
Added Component: Designator=R?(R 0603)
Added Component: Designator=R?(R 0603)
Added Component: Designator=R?(R 0603)
Added Component: Designator=R?(R 0603)
Added Component: Designator=R?(R 0603)
Add Component: Footprint Not Found WQFN_JARSBR_TEX
Add Component: Footprint Not Found MCSJK7U1600123080B30
Add Pin To Net: Unknown Pin: Pin *1-BOOT
Add Pin To Net: Unknown Pin: Pin *1-EN
Add Pin To Net: Unknown Pin: Pin *1-FB
Add Pin To Net: Unknown Pin: Pin *1-GND
Add Pin To Net: Unknown Pin: Pin *1-SW
Add Pin To Net: Unknown Pin: Pin *1-VIN
Add Pin To Net: Unknown Pin: Pin *2-BOOT
Add Pin To Net: Unknown Pin: Pin *2-EN
Add Pin To Net: Unknown Pin: Pin *2-FB
Add Pin To Net: Unknown Pin: Pin *2-GND
Add Pin To Net: Unknown Pin: Pin *2-SW
Add Pin To Net: Unknown Pin: Pin *2-VIN
Add Pin To Net: Unknown Pin: Pin *3-BOOT
Add Pin To Net: Unknown Pin: Pin *3-EN
Add Pin To Net: Unknown Pin: Pin *3-FB
Add Pin To Net: Unknown Pin: Pin *3-GND
Add Pin To Net: Unknown Pin: Pin *3-SW
Add Pin To Net: Unknown Pin: Pin *3-VIN
Add Pin To Net: Unknown Pin: Pin *-GND
Add Pin To Net: Unknown Pin: Pin *-M1A
Add Pin To Net: Unknown Pin: Pin *-M1B
Add Pin To Net: Unknown Pin: Pin *-M2A
Add Pin To Net: Unknown Pin: Pin *-M2B
Add Pin To Net: Unknown Pin: Pin *-VIO
Add Pin To Net: Unknown Pin: Pin *-VM
Add Pin To Net: Unknown Pin: Pin AC1-2
Add Pin To Net: Unknown Pin: Pin AC1-3
Add Pin To Net: Unknown Pin: Pin AC1-5
Add Pin To Net: Unknown Pin: Pin AC1-6
Add Pin To Net: Unknown Pin: Pin AC1-7
Add Pin To Net: Unknown Pin: Pin AC1-8
Add Pin To Net: Unknown Pin: Pin AC1-12
Add Pin To Net: Unknown Pin: Pin AC1-13
Add Pin To Net: Unknown Pin: Pin AC1-14
Add Pin To Net: Unknown Pin: Pin C50-1
Add Pin To Net: Unknown Pin: Pin C50-2
Add Pin To Net: Unknown Pin: Pin C51-1
Add Pin To Net: Unknown Pin: Pin C51-2
Add Pin To Net: Unknown Pin: Pin C52-1
Add Pin To Net: Unknown Pin: Pin C52-2
Add Pin To Net: Unknown Pin: Pin C53-1
Add Pin To Net: Unknown Pin: Pin C53-2
Add Pin To Net: Unknown Pin: Pin C54-1
Add Pin To Net: Unknown Pin: Pin C54-2
Added Pin To Net: NetName=ADC2 Pin=C?-1
Added Pin To Net: NetName=ADC3 Pin=C?-1
Added Pin To Net: NetName=ADC4 Pin=C?-1
Added Pin To Net: NetName=ADC5 Pin=C?-1
Added Pin To Net: NetName=ADC6 Pin=C?-1
Added Pin To Net: NetName=ADC7 Pin=C?-1
Added Pin To Net: NetName=ADC8 Pin=C?-1
Added Pin To Net: NetName=ADC9 Pin=C?-1
Added Pin To Net: NetName=ADC10 Pin=C?-1
Added Pin To Net: NetName=ADC11 Pin=C?-1
Added Pin To Net: NetName=ADC12 Pin=C?-1
Added Pin To Net: NetName=ADC13 Pin=C?-1
Added Pin To Net: NetName=ADC14 Pin=C?-1
Added Pin To Net: NetName=ADC15 Pin=C?-1
Added Pin To Net: NetName=ADC16 Pin=C?-1
Added Pin To Net: NetName=ADC17 Pin=C?-1
Added Pin To Net: NetName=ADC18 Pin=C?-1
Added Pin To Net: NetName=ADC19 Pin=C?-1
Added Pin To Net: NetName=ADC20 Pin=C?-1
Added Pin To Net: NetName=GND Pin=C?-2
Added Pin To Net: NetName=GND Pin=C?-2
Added Pin To Net: NetName=GND Pin=C?-2
Added Pin To Net: NetName=GND Pin=C?-2
Added Pin To Net: NetName=GND Pin=C?-2
Added Pin To Net: NetName=GND Pin=C?-2
Added Pin To Net: NetName=GND Pin=C?-2
Added Pin To Net: NetName=GND Pin=C?-2
Added Pin To Net: NetName=GND Pin=C?-2
Added Pin To Net: NetName=GND Pin=C?-2
Added Pin To Net: NetName=GND Pin=C?-2
Added Pin To Net: NetName=GND Pin=C?-2
Added Pin To Net: NetName=GND Pin=C?-2
Added Pin To Net: NetName=GND Pin=C?-2
Added Pin To Net: NetName=GND Pin=C?-2
Added Pin To Net: NetName=GND Pin=C?-2
Added Pin To Net: NetName=GND Pin=C?-2
Added Pin To Net: NetName=GND Pin=C?-2
Added Pin To Net: NetName=GND Pin=C?-2
Added Pin To Net: NetName=GND Pin=IC?-2
Added Pin To Net: NetName=GND Pin=IC?-2
Added Pin To Net: NetName=GND Pin=IC?-2
Added Pin To Net: NetName=GND Pin=IC?-2
Added Pin To Net: NetName=GND Pin=IC?-2
Added Pin To Net: NetName=GND Pin=IC?-2
Added Pin To Net: NetName=GND Pin=IC?-2
Added Pin To Net: NetName=GND Pin=IC?-2
Added Pin To Net: NetName=GND Pin=IC?-2
Added Pin To Net: NetName=GND Pin=IC?-2
Added Pin To Net: NetName=GND Pin=IC?-2
Added Pin To Net: NetName=GND Pin=IC?-2
Added Pin To Net: NetName=GND Pin=IC?-2
Added Pin To Net: NetName=GND Pin=IC?-2
Added Pin To Net: NetName=GND Pin=IC?-2
Added Pin To Net: NetName=GND Pin=IC?-2
Added Pin To Net: NetName=GND Pin=IC?-2
Added Pin To Net: NetName=GND Pin=IC?-2
Added Pin To Net: NetName=GND Pin=IC?-2
Added Pin To Net: NetName=GND Pin=IC?-2
Added Pin To Net: NetName=GND Pin=IC?-4
Added Pin To Net: NetName=GND Pin=IC?-4
Added Pin To Net: NetName=GND Pin=IC?-4
Added Pin To Net: NetName=GND Pin=IC?-4
Added Pin To Net: NetName=GND Pin=IC?-4
Added Pin To Net: NetName=GND Pin=IC?-4
Added Pin To Net: NetName=GND Pin=IC?-4
Added Pin To Net: NetName=GND Pin=IC?-4
Added Pin To Net: NetName=GND Pin=IC?-4
Added Pin To Net: NetName=GND Pin=IC?-4
Added Pin To Net: NetName=GND Pin=IC?-4
Added Pin To Net: NetName=GND Pin=IC?-4
Added Pin To Net: NetName=GND Pin=IC?-4
Added Pin To Net: NetName=GND Pin=IC?-4
Added Pin To Net: NetName=GND Pin=IC?-4
Added Pin To Net: NetName=GND Pin=IC?-4
Added Pin To Net: NetName=GND Pin=IC?-4
Added Pin To Net: NetName=GND Pin=IC?-4
Added Pin To Net: NetName=GND Pin=IC?-4
Added Pin To Net: NetName=GND Pin=IC?-4
Added Pin To Net: NetName=3.3V Pin=R?-1
Added Pin To Net: NetName=3.3V Pin=R?-1
Added Pin To Net: NetName=3.3V Pin=R?-1
Added Pin To Net: NetName=3.3V Pin=R?-1
Added Pin To Net: NetName=3.3V Pin=R?-1
Added Pin To Net: NetName=3.3V Pin=R?-1
Added Pin To Net: NetName=3.3V Pin=R?-1
Added Pin To Net: NetName=3.3V Pin=R?-1
Added Pin To Net: NetName=3.3V Pin=R?-1
Added Pin To Net: NetName=3.3V Pin=R?-1
Added Pin To Net: NetName=3.3V Pin=R?-1
Added Pin To Net: NetName=3.3V Pin=R?-1
Added Pin To Net: NetName=3.3V Pin=R?-1
Added Pin To Net: NetName=3.3V Pin=R?-1
Added Pin To Net: NetName=3.3V Pin=R?-1
Added Pin To Net: NetName=3.3V Pin=R?-1
Added Pin To Net: NetName=3.3V Pin=R?-1
Added Pin To Net: NetName=3.3V Pin=R?-1
Added Pin To Net: NetName=3.3V Pin=R?-1
Added Pin To Net: NetName=3.3V Pin=R?-1
Added Pin To Net: NetName=3.3V Pin=R?-1
Added Pin To Net: NetName=3.3V Pin=R?-1
Added Pin To Net: NetName=3.3V Pin=R?-1
Added Pin To Net: NetName=3.3V Pin=R?-1
Added Pin To Net: NetName=3.3V Pin=R?-1
Added Pin To Net: NetName=3.3V Pin=R?-1
Added Pin To Net: NetName=3.3V Pin=R?-1
Added Pin To Net: NetName=3.3V Pin=R?-1
Added Pin To Net: NetName=3.3V Pin=R?-1
Added Pin To Net: NetName=3.3V Pin=R?-1
Added Pin To Net: NetName=3.3V Pin=R?-1
Added Pin To Net: NetName=3.3V Pin=R?-1
Added Pin To Net: NetName=3.3V Pin=R?-1
Added Pin To Net: NetName=3.3V Pin=R?-1
Added Pin To Net: NetName=3.3V Pin=R?-1
Added Pin To Net: NetName=3.3V Pin=R?-1
Added Pin To Net: NetName=3.3V Pin=R?-1
Added Pin To Net: NetName=3.3V Pin=R?-1
Added Pin To Net: NetName=ADC2 Pin=R?-1
Added Pin To Net: NetName=ADC3 Pin=R?-1
Added Pin To Net: NetName=ADC4 Pin=R?-1
Added Pin To Net: NetName=ADC5 Pin=R?-1
Added Pin To Net: NetName=ADC6 Pin=R?-1
Added Pin To Net: NetName=ADC7 Pin=R?-1
Added Pin To Net: NetName=ADC8 Pin=R?-1
Added Pin To Net: NetName=ADC9 Pin=R?-1
Added Pin To Net: NetName=ADC10 Pin=R?-1
Added Pin To Net: NetName=ADC11 Pin=R?-1
Added Pin To Net: NetName=ADC12 Pin=R?-1
Added Pin To Net: NetName=ADC13 Pin=R?-1
Added Pin To Net: NetName=ADC14 Pin=R?-1
Added Pin To Net: NetName=ADC15 Pin=R?-1
Added Pin To Net: NetName=ADC16 Pin=R?-1
Added Pin To Net: NetName=ADC17 Pin=R?-1
Added Pin To Net: NetName=ADC18 Pin=R?-1
Added Pin To Net: NetName=ADC19 Pin=R?-1
Added Pin To Net: NetName=ADC20 Pin=R?-1
Add Pin To Net: Unknown Pin: Pin U2-2
Add Pin To Net: Unknown Pin: Pin U2-3
Add Pin To Net: Unknown Pin: Pin U2-4
Add Pin To Net: Unknown Pin: Pin U2-5
Add Pin To Net: Unknown Pin: Pin U2-6
Add Pin To Net: Unknown Pin: Pin U2-7
Add Pin To Net: Unknown Pin: Pin U2-16
Add Pin To Net: Unknown Pin: Pin U2-17
Add Pin To Net: Unknown Pin: Pin U2-18
Add Pin To Net: Unknown Pin: Pin U2-19
Add Pin To Net: Unknown Pin: Pin U2-20
Add Pin To Net: Unknown Pin: Pin U2-21
Add Pin To Net: Unknown Pin: Pin U2-24
Add Pin To Net: Unknown Pin: Pin U2-25
Add Pin To Net: Unknown Pin: Pin U2-32
Add Pin To Net: Unknown Pin: Pin U2-33
Add Pin To Net: Unknown Pin: Pin U2-35
Add Pin To Net: Unknown Pin: Pin U2-39
Add Pin To Net: Unknown Pin: Pin U2-40
Add Pin To Net: Unknown Pin: Pin Y1-1
Add Pin To Net: Unknown Pin: Pin Y1-2
Add Pin To Net: Unknown Pin: Pin Y1-3
Add Pin To Net: Unknown Pin: Pin Y1-4
Add Net: Net with name "ADC1" already exists
Add Net: Net with name "ADC2" already exists
Add Net: Net with name "ADC2" already exists
Add Net: Net with name "ADC3" already exists
Add Net: Net with name "ADC3" already exists
Add Net: Net with name "ADC4" already exists
Add Net: Net with name "ADC4" already exists
Add Net: Net with name "ADC5" already exists
Add Net: Net with name "ADC5" already exists
Add Net: Net with name "ADC6" already exists
Add Net: Net with name "ADC6" already exists
Add Net: Net with name "ADC7" already exists
Add Net: Net with name "ADC7" already exists
Add Net: Net with name "ADC8" already exists
Add Net: Net with name "ADC8" already exists
Add Net: Net with name "ADC9" already exists
Add Net: Net with name "ADC9" already exists
Add Net: Net with name "ADC10" already exists
Add Net: Net with name "ADC10" already exists
Add Net: Net with name "ADC11" already exists
Add Net: Net with name "ADC11" already exists
Add Net: Net with name "ADC12" already exists
Add Net: Net with name "ADC12" already exists
Add Net: Net with name "ADC13" already exists
Add Net: Net with name "ADC13" already exists
Add Net: Net with name "ADC14" already exists
Add Net: Net with name "ADC14" already exists
Add Net: Net with name "ADC15" already exists
Add Net: Net with name "ADC15" already exists
Add Net: Net with name "ADC16" already exists
Add Net: Net with name "ADC16" already exists
Add Net: Net with name "ADC17" already exists
Add Net: Net with name "ADC17" already exists
Add Net: Net with name "ADC18" already exists
Add Net: Net with name "ADC18" already exists
Add Net: Net with name "ADC19" already exists
Add Net: Net with name "ADC19" already exists
Add Net: Net with name "ADC20" already exists
Add Net: Net with name "ADC20" already exists
Add Net: Net with name "Enkoder L1" already exists
Add Net: Net with name "Enkoder L2" already exists
Add Net: Net with name "Enkoder P1" already exists
Add Net: Net with name "Enkoder P2" already exists
Added Pin To Net: NetName=NetIC?_1 Pin=IC?-1
Added Pin To Net: NetName=NetIC?_1 Pin=R?-2
Added Net: Name=NetIC?_1
Add Net: Net with name "NetIC?_1" already exists
Add Net: Net with name "NetIC?_1" already exists
Add Net: Net with name "NetIC?_1" already exists
Add Net: Net with name "NetIC?_1" already exists
Add Net: Net with name "NetIC?_1" already exists
Add Net: Net with name "NetIC?_1" already exists
Add Net: Net with name "NetIC?_1" already exists
Add Net: Net with name "NetIC?_1" already exists
Add Net: Net with name "NetIC?_1" already exists
Add Net: Net with name "NetIC?_1" already exists
Add Net: Net with name "NetIC?_1" already exists
Add Net: Net with name "NetIC?_1" already exists
Add Net: Net with name "NetIC?_1" already exists
Add Net: Net with name "NetIC?_1" already exists
Add Net: Net with name "NetIC?_1" already exists
Add Net: Net with name "NetIC?_1" already exists
Add Net: Net with name "NetIC?_1" already exists
Add Net: Net with name "NetIC?_1" already exists
Add Net: Net with name "NetIC?_1" already exists
Added Pin To Net: NetName=NetIC?_3 Pin=IC?-3
Added Pin To Net: NetName=NetIC?_3 Pin=R?-2
Added Pin To Net: NetName=NetIC?_3 Pin=R?-2
Added Net: Name=NetIC?_3
Add Net: Net with name "NetIC?_3" already exists
Add Net: Net with name "NetIC?_3" already exists
Add Net: Net with name "NetIC?_3" already exists
Add Net: Net with name "NetIC?_3" already exists
Add Net: Net with name "NetIC?_3" already exists
Add Net: Net with name "NetIC?_3" already exists
Add Net: Net with name "NetIC?_3" already exists
Add Net: Net with name "NetIC?_3" already exists
Add Net: Net with name "NetIC?_3" already exists
Add Net: Net with name "NetIC?_3" already exists
Add Net: Net with name "NetIC?_3" already exists
Add Net: Net with name "NetIC?_3" already exists
Add Net: Net with name "NetIC?_3" already exists
Add Net: Net with name "NetIC?_3" already exists
Add Net: Net with name "NetIC?_3" already exists
Add Net: Net with name "NetIC?_3" already exists
Add Net: Net with name "NetIC?_3" already exists
Add Net: Net with name "NetIC?_3" already exists
Add Net: Net with name "NetIC?_3" already exists
Add Net: Net with name "PA8" already exists
Add Net: Net with name "PA9" already exists
Add Net: Net with name "PA10" already exists
Add Net: Net with name "PA11" already exists
Add Net: Net with name "PA12" already exists
Add Net: Net with name "PA15" already exists
Add Net: Net with name "PB4" already exists
Add Net: Net with name "PB5" already exists
Add Net: Net with name "PC14" already exists
Add Net: Net with name "PC15" already exists
Add Net: Net with name "SWCLK" already exists
Add Net: Net with name "SWDIO" already exists
Add Net: Net with name "UART RX" already exists
Add Net: Net with name "UART TX" already exists
Add Class Member: Failed to add class member : Component *1 RT7251
Add Class Member: Failed to add class member : Component *2 RT7251
Add Class Member: Failed to add class member : Component *3 RT7251
Add Class Member: Failed to add class member : Component * TMC2208 Module
Add Class Member: Failed to add class member : Component AC1 LSM6DSOXTR
Add Class Member: Failed to add class member : Component C50 0.1uF
Add Class Member: Failed to add class member : Component C51 0.1uF
Add Class Member: Failed to add class member : Component C52 0.1uF
Add Class Member: Failed to add class member : Component C53 150uF
Add Class Member: Failed to add class member : Component C54 150uF
Added Member To Class: ClassName=KTIR-FRONT Member=Component C? 22nF
Added Member To Class: ClassName=KTIR-FRONT Member=Component C? 22nF
Added Member To Class: ClassName=KTIR-FRONT Member=Component C? 22nF
Added Member To Class: ClassName=KTIR-FRONT Member=Component C? 22nF
Added Member To Class: ClassName=KTIR-FRONT Member=Component C? 22nF
Added Member To Class: ClassName=KTIR-FRONT Member=Component C? 22nF
Added Member To Class: ClassName=KTIR-FRONT Member=Component C? 22nF
Added Member To Class: ClassName=KTIR-FRONT Member=Component C? 22nF
Added Member To Class: ClassName=KTIR-FRONT Member=Component C? 22nF
Added Member To Class: ClassName=KTIR-FRONT Member=Component C? 22nF
Added Member To Class: ClassName=KTIR-FRONT Member=Component C? 22nF
Added Member To Class: ClassName=KTIR-FRONT Member=Component C? 22nF
Added Member To Class: ClassName=KTIR-FRONT Member=Component C? 22nF
Added Member To Class: ClassName=KTIR-FRONT Member=Component C? 22nF
Added Member To Class: ClassName=KTIR-FRONT Member=Component C? 22nF
Added Member To Class: ClassName=KTIR-FRONT Member=Component C? 22nF
Added Member To Class: ClassName=KTIR-FRONT Member=Component C? 22nF
Added Member To Class: ClassName=KTIR-FRONT Member=Component C? 22nF
Added Member To Class: ClassName=KTIR-FRONT Member=Component C? 22nF
Add Class Member: Failed to add class member : Component IC24 RT7251AZQW
Added Member To Class: ClassName=KTIR-FRONT Member=Component IC? KTIR0711S
Added Member To Class: ClassName=KTIR-FRONT Member=Component IC? KTIR0711S
Added Member To Class: ClassName=KTIR-FRONT Member=Component IC? KTIR0711S
Added Member To Class: ClassName=KTIR-FRONT Member=Component IC? KTIR0711S
Added Member To Class: ClassName=KTIR-FRONT Member=Component IC? KTIR0711S
Added Member To Class: ClassName=KTIR-FRONT Member=Component IC? KTIR0711S
Added Member To Class: ClassName=KTIR-FRONT Member=Component IC? KTIR0711S
Added Member To Class: ClassName=KTIR-FRONT Member=Component IC? KTIR0711S
Added Member To Class: ClassName=KTIR-FRONT Member=Component IC? KTIR0711S
Added Member To Class: ClassName=KTIR-FRONT Member=Component IC? KTIR0711S
Added Member To Class: ClassName=KTIR-FRONT Member=Component IC? KTIR0711S
Added Member To Class: ClassName=KTIR-FRONT Member=Component IC? KTIR0711S
Added Member To Class: ClassName=KTIR-FRONT Member=Component IC? KTIR0711S
Added Member To Class: ClassName=KTIR-FRONT Member=Component IC? KTIR0711S
Added Member To Class: ClassName=KTIR-FRONT Member=Component IC? KTIR0711S
Added Member To Class: ClassName=KTIR-FRONT Member=Component IC? KTIR0711S
Added Member To Class: ClassName=KTIR-FRONT Member=Component IC? KTIR0711S
Added Member To Class: ClassName=KTIR-FRONT Member=Component IC? KTIR0711S
Added Member To Class: ClassName=KTIR-FRONT Member=Component IC? KTIR0711S
Added Member To Class: ClassName=KTIR-FRONT Member=Component IC? KTIR0711S
Added Member To Class: ClassName=KTIR-FRONT Member=Component R? 120R
Added Member To Class: ClassName=KTIR-FRONT Member=Component R? 8k
Added Member To Class: ClassName=KTIR-FRONT Member=Component R? 120R
Added Member To Class: ClassName=KTIR-FRONT Member=Component R? 10k
Added Member To Class: ClassName=KTIR-FRONT Member=Component R? 8k
Added Member To Class: ClassName=KTIR-FRONT Member=Component R? 10k
Added Member To Class: ClassName=KTIR-FRONT Member=Component R? 8k
Added Member To Class: ClassName=KTIR-FRONT Member=Component R? 10k
Added Member To Class: ClassName=KTIR-FRONT Member=Component R? 120R
Added Member To Class: ClassName=KTIR-FRONT Member=Component R? 120R
Added Member To Class: ClassName=KTIR-FRONT Member=Component R? 10k
Added Member To Class: ClassName=KTIR-FRONT Member=Component R? 8k
Added Member To Class: ClassName=KTIR-FRONT Member=Component R? 8k
Added Member To Class: ClassName=KTIR-FRONT Member=Component R? 120R
Added Member To Class: ClassName=KTIR-FRONT Member=Component R? 8k
Added Member To Class: ClassName=KTIR-FRONT Member=Component R? 120R
Added Member To Class: ClassName=KTIR-FRONT Member=Component R? 10k
Added Member To Class: ClassName=KTIR-FRONT Member=Component R? 120R
Added Member To Class: ClassName=KTIR-FRONT Member=Component R? 120R
Added Member To Class: ClassName=KTIR-FRONT Member=Component R? 10k
Added Member To Class: ClassName=KTIR-FRONT Member=Component R? 120R
Added Member To Class: ClassName=KTIR-FRONT Member=Component R? 120R
Added Member To Class: ClassName=KTIR-FRONT Member=Component R? 8k
Added Member To Class: ClassName=KTIR-FRONT Member=Component R? 10k
Added Member To Class: ClassName=KTIR-FRONT Member=Component R? 8k
Added Member To Class: ClassName=KTIR-FRONT Member=Component R? 120R
Added Member To Class: ClassName=KTIR-FRONT Member=Component R? 120R
Added Member To Class: ClassName=KTIR-FRONT Member=Component R? 8k
Added Member To Class: ClassName=KTIR-FRONT Member=Component R? 10k
Added Member To Class: ClassName=KTIR-FRONT Member=Component R? 120R
Added Member To Class: ClassName=KTIR-FRONT Member=Component R? 8k
Added Member To Class: ClassName=KTIR-FRONT Member=Component R? 10k
Added Member To Class: ClassName=KTIR-FRONT Member=Component R? 8k
Added Member To Class: ClassName=KTIR-FRONT Member=Component R? 10k
Added Member To Class: ClassName=KTIR-FRONT Member=Component R? 120R
Added Member To Class: ClassName=KTIR-FRONT Member=Component R? 8k
Added Member To Class: ClassName=KTIR-FRONT Member=Component R? 10k
Added Member To Class: ClassName=KTIR-FRONT Member=Component R? 8k
Added Member To Class: ClassName=KTIR-FRONT Member=Component R? 10k
Added Member To Class: ClassName=KTIR-FRONT Member=Component R? 8k
Added Member To Class: ClassName=KTIR-FRONT Member=Component R? 10k
Added Member To Class: ClassName=KTIR-FRONT Member=Component R? 10k
Added Member To Class: ClassName=KTIR-FRONT Member=Component R? 120R
Added Member To Class: ClassName=KTIR-FRONT Member=Component R? 8k
Added Member To Class: ClassName=KTIR-FRONT Member=Component R? 10k
Added Member To Class: ClassName=KTIR-FRONT Member=Component R? 8k
Added Member To Class: ClassName=KTIR-FRONT Member=Component R? 120R
Added Member To Class: ClassName=KTIR-FRONT Member=Component R? 120R
Added Member To Class: ClassName=KTIR-FRONT Member=Component R? 8k
Added Member To Class: ClassName=KTIR-FRONT Member=Component R? 10k
Added Member To Class: ClassName=KTIR-FRONT Member=Component R? 10k
Added Member To Class: ClassName=KTIR-FRONT Member=Component R? 8k
Added Member To Class: ClassName=KTIR-FRONT Member=Component R? 10k
Added Member To Class: ClassName=KTIR-FRONT Member=Component R? 120R
Added Member To Class: ClassName=KTIR-FRONT Member=Component R? 8k
Added Member To Class: ClassName=KTIR-FRONT Member=Component R? 10k
Added Member To Class: ClassName=KTIR-FRONT Member=Component R? 120R
Add Class Member: Failed to add class member : Component U2 CC3301ENJARSBR
Add Class Member: Failed to add class member : Component Y1 40MHz
