Change Component Designator: OldDesignator=C? NewDesignator=C25
Change Component Designator: OldDesignator=C? NewDesignator=C26
Change Component Designator: OldDesignator=C? NewDesignator=C27
Change Component Designator: OldDesignator=C? NewDesignator=C28
Change Component Designator: OldDesignator=C? NewDesignator=C29
Change Component Designator: OldDesignator=C? NewDesignator=C30
Change Component Designator: OldDesignator=C? NewDesignator=C31
Change Component Designator: OldDesignator=C? NewDesignator=C32
Change Component Designator: OldDesignator=C? NewDesignator=C33
Change Component Designator: OldDesignator=C? NewDesignator=C34
Change Component Designator: OldDesignator=C? NewDesignator=C35
Change Component Designator: OldDesignator=C? NewDesignator=C36
Change Component Designator: OldDesignator=C? NewDesignator=C37
Change Component Designator: OldDesignator=C? NewDesignator=C38
Change Component Designator: OldDesignator=C? NewDesignator=C39
Change Component Designator: OldDesignator=C? NewDesignator=C40
Change Component Designator: OldDesignator=C? NewDesignator=C41
Change Component Designator: OldDesignator=C? NewDesignator=C42
Change Component Designator: OldDesignator=C? NewDesignator=C43
Change Component Designator: OldDesignator=IC? NewDesignator=IC4
Change Component Designator: OldDesignator=IC? NewDesignator=IC5
Change Component Designator: OldDesignator=IC? NewDesignator=IC6
Change Component Designator: OldDesignator=IC? NewDesignator=IC7
Change Component Designator: OldDesignator=IC? NewDesignator=IC8
Change Component Designator: OldDesignator=IC? NewDesignator=IC9
Change Component Designator: OldDesignator=IC? NewDesignator=IC10
Change Component Designator: OldDesignator=IC? NewDesignator=IC11
Change Component Designator: OldDesignator=IC? NewDesignator=IC12
Change Component Designator: OldDesignator=IC? NewDesignator=IC13
Change Component Designator: OldDesignator=IC? NewDesignator=IC14
Change Component Designator: OldDesignator=IC? NewDesignator=IC15
Change Component Designator: OldDesignator=IC? NewDesignator=IC16
Change Component Designator: OldDesignator=IC? NewDesignator=IC17
Change Component Designator: OldDesignator=IC? NewDesignator=IC18
Change Component Designator: OldDesignator=IC? NewDesignator=IC19
Change Component Designator: OldDesignator=IC? NewDesignator=IC20
Change Component Designator: OldDesignator=IC? NewDesignator=IC21
Change Component Designator: OldDesignator=IC? NewDesignator=IC22
Change Component Designator: OldDesignator=IC? NewDesignator=IC23
Change Component Designator: OldDesignator=R? NewDesignator=R23
Change Component Designator: OldDesignator=R? NewDesignator=R24
Change Component Designator: OldDesignator=R? NewDesignator=R25
Change Component Designator: OldDesignator=R? NewDesignator=R26
Change Component Designator: OldDesignator=R? NewDesignator=R28
Change Component Designator: OldDesignator=R? NewDesignator=R29
Change Component Designator: OldDesignator=R? NewDesignator=R30
Change Component Designator: OldDesignator=R? NewDesignator=R31
Change Component Designator: OldDesignator=R? NewDesignator=R33
Change Component Designator: OldDesignator=R? NewDesignator=R34
Change Component Designator: OldDesignator=R? NewDesignator=R35
Change Component Designator: OldDesignator=R? NewDesignator=R36
Change Component Designator: OldDesignator=R? NewDesignator=R37
Change Component Designator: OldDesignator=R? NewDesignator=R38
Change Component Designator: OldDesignator=R? NewDesignator=R39
Change Component Designator: OldDesignator=R? NewDesignator=R40
Change Component Designator: OldDesignator=R? NewDesignator=R41
Change Component Designator: OldDesignator=R? NewDesignator=R42
Change Component Designator: OldDesignator=R? NewDesignator=R43
Change Component Designator: OldDesignator=R? NewDesignator=R44
Change Component Designator: OldDesignator=R? NewDesignator=R45
Change Component Designator: OldDesignator=R? NewDesignator=R46
Change Component Designator: OldDesignator=R? NewDesignator=R47
Change Component Designator: OldDesignator=R? NewDesignator=R48
Change Component Designator: OldDesignator=R? NewDesignator=R49
Change Component Designator: OldDesignator=R? NewDesignator=R50
Change Component Designator: OldDesignator=R? NewDesignator=R51
Change Component Designator: OldDesignator=R? NewDesignator=R52
Change Component Designator: OldDesignator=R? NewDesignator=R53
Change Component Designator: OldDesignator=R? NewDesignator=R54
Change Component Designator: OldDesignator=R? NewDesignator=R55
Change Component Designator: OldDesignator=R? NewDesignator=R56
Change Component Designator: OldDesignator=R? NewDesignator=R57
Change Component Designator: OldDesignator=R? NewDesignator=R58
Change Component Designator: OldDesignator=R? NewDesignator=R59
Change Component Designator: OldDesignator=R? NewDesignator=R60
Change Component Designator: OldDesignator=R? NewDesignator=R61
Change Component Designator: OldDesignator=R? NewDesignator=R62
Change Component Designator: OldDesignator=R? NewDesignator=R63
Change Component Designator: OldDesignator=R? NewDesignator=R64
Change Component Designator: OldDesignator=R? NewDesignator=R65
Change Component Designator: OldDesignator=R? NewDesignator=R66
Change Component Designator: OldDesignator=R? NewDesignator=R67
Change Component Designator: OldDesignator=R? NewDesignator=R68
Change Component Designator: OldDesignator=R? NewDesignator=R69
Change Component Designator: OldDesignator=R? NewDesignator=R70
Change Component Designator: OldDesignator=R? NewDesignator=R71
Change Component Designator: OldDesignator=R? NewDesignator=R72
Change Component Designator: OldDesignator=R? NewDesignator=R73
Change Component Designator: OldDesignator=R? NewDesignator=R74
Change Component Designator: OldDesignator=R? NewDesignator=R75
Change Component Designator: OldDesignator=R? NewDesignator=R76
Change Component Designator: OldDesignator=R? NewDesignator=R77
Change Component Designator: OldDesignator=R? NewDesignator=R78
Change Component Designator: OldDesignator=R? NewDesignator=R79
Change Component Designator: OldDesignator=R? NewDesignator=R80
Change Component Designator: OldDesignator=R? NewDesignator=R81
Add Component: Footprint Not Found LGA-14_1
Add Component: Footprint Not Found CAPPRD500W60D1025H1750
Add Component: Footprint Not Found CAPPRD500W60D1025H1750
Add Component: Footprint Not Found CAPPRD500W60D1025H1750
Add Component: Footprint Not Found CAPPRD500W60D1025H1750
Add Component: Footprint Not Found CAPPRD500W60D1025H1750
Add Component: Footprint Not Found SON50P200X200X80-9N-D
Add Component: Footprint Not Found WQFN_JARSBR_TEX
Add Component: Footprint Not Found MCSJK7U1600123080B30
Add Pin To Net: Unknown Pin: Pin *1-BOOT
Add Pin To Net: Unknown Pin: Pin *1-EN
Add Pin To Net: Unknown Pin: Pin *1-FB
Add Pin To Net: Unknown Pin: Pin *1-GND
Add Pin To Net: Unknown Pin: Pin *1-SW
Add Pin To Net: Unknown Pin: Pin *1-VIN
Add Pin To Net: Unknown Pin: Pin *2-BOOT
Add Pin To Net: Unknown Pin: Pin *2-EN
Add Pin To Net: Unknown Pin: Pin *2-FB
Add Pin To Net: Unknown Pin: Pin *2-GND
Add Pin To Net: Unknown Pin: Pin *2-SW
Add Pin To Net: Unknown Pin: Pin *2-VIN
Add Pin To Net: Unknown Pin: Pin *3-BOOT
Add Pin To Net: Unknown Pin: Pin *3-EN
Add Pin To Net: Unknown Pin: Pin *3-FB
Add Pin To Net: Unknown Pin: Pin *3-GND
Add Pin To Net: Unknown Pin: Pin *3-SW
Add Pin To Net: Unknown Pin: Pin *3-VIN
Add Pin To Net: Unknown Pin: Pin *-GND
Add Pin To Net: Unknown Pin: Pin *-M1A
Add Pin To Net: Unknown Pin: Pin *-M1B
Add Pin To Net: Unknown Pin: Pin *-M2A
Add Pin To Net: Unknown Pin: Pin *-M2B
Add Pin To Net: Unknown Pin: Pin *-VIO
Add Pin To Net: Unknown Pin: Pin *-VM
Add Pin To Net: Unknown Pin: Pin AC1-2
Add Pin To Net: Unknown Pin: Pin AC1-3
Add Pin To Net: Unknown Pin: Pin AC1-5
Add Pin To Net: Unknown Pin: Pin AC1-6
Add Pin To Net: Unknown Pin: Pin AC1-7
Add Pin To Net: Unknown Pin: Pin AC1-8
Add Pin To Net: Unknown Pin: Pin AC1-12
Add Pin To Net: Unknown Pin: Pin AC1-13
Add Pin To Net: Unknown Pin: Pin AC1-14
Add Pin To Net: Unknown Pin: Pin C50-1
Add Pin To Net: Unknown Pin: Pin C50-2
Add Pin To Net: Unknown Pin: Pin C51-1
Add Pin To Net: Unknown Pin: Pin C51-2
Add Pin To Net: Unknown Pin: Pin C52-1
Add Pin To Net: Unknown Pin: Pin C52-2
Add Pin To Net: Unknown Pin: Pin C53-1
Add Pin To Net: Unknown Pin: Pin C53-2
Add Pin To Net: Unknown Pin: Pin C54-1
Add Pin To Net: Unknown Pin: Pin C54-2
Add Pin To Net: Unknown Pin: Pin U2-2
Add Pin To Net: Unknown Pin: Pin U2-3
Add Pin To Net: Unknown Pin: Pin U2-4
Add Pin To Net: Unknown Pin: Pin U2-5
Add Pin To Net: Unknown Pin: Pin U2-6
Add Pin To Net: Unknown Pin: Pin U2-7
Add Pin To Net: Unknown Pin: Pin U2-16
Add Pin To Net: Unknown Pin: Pin U2-17
Add Pin To Net: Unknown Pin: Pin U2-18
Add Pin To Net: Unknown Pin: Pin U2-19
Add Pin To Net: Unknown Pin: Pin U2-20
Add Pin To Net: Unknown Pin: Pin U2-21
Add Pin To Net: Unknown Pin: Pin U2-24
Add Pin To Net: Unknown Pin: Pin U2-25
Add Pin To Net: Unknown Pin: Pin U2-32
Add Pin To Net: Unknown Pin: Pin U2-33
Add Pin To Net: Unknown Pin: Pin U2-35
Add Pin To Net: Unknown Pin: Pin U2-39
Add Pin To Net: Unknown Pin: Pin U2-40
Add Pin To Net: Unknown Pin: Pin Y1-1
Add Pin To Net: Unknown Pin: Pin Y1-2
Add Pin To Net: Unknown Pin: Pin Y1-3
Add Pin To Net: Unknown Pin: Pin Y1-4
Change Net Name : Old Net Name=NetIC?_1 New Net Name=NetIC15_1
Change Net Name : Old Net Name=NetIC?_3 New Net Name=NetIC23_3
Add Net: Net with name "ADC1" already exists
Add Net: Net with name "ADC2" already exists
Add Net: Net with name "ADC2" already exists
Add Net: Net with name "ADC3" already exists
Add Net: Net with name "ADC3" already exists
Add Net: Net with name "ADC4" already exists
Add Net: Net with name "ADC4" already exists
Add Net: Net with name "ADC5" already exists
Add Net: Net with name "ADC5" already exists
Add Net: Net with name "ADC6" already exists
Add Net: Net with name "ADC6" already exists
Add Net: Net with name "ADC7" already exists
Add Net: Net with name "ADC7" already exists
Add Net: Net with name "ADC8" already exists
Add Net: Net with name "ADC8" already exists
Add Net: Net with name "ADC9" already exists
Add Net: Net with name "ADC9" already exists
Add Net: Net with name "ADC10" already exists
Add Net: Net with name "ADC10" already exists
Add Net: Net with name "ADC11" already exists
Add Net: Net with name "ADC11" already exists
Add Net: Net with name "ADC12" already exists
Add Net: Net with name "ADC12" already exists
Add Net: Net with name "ADC13" already exists
Add Net: Net with name "ADC13" already exists
Add Net: Net with name "ADC14" already exists
Add Net: Net with name "ADC14" already exists
Add Net: Net with name "ADC15" already exists
Add Net: Net with name "ADC15" already exists
Add Net: Net with name "ADC16" already exists
Add Net: Net with name "ADC16" already exists
Add Net: Net with name "ADC17" already exists
Add Net: Net with name "ADC17" already exists
Add Net: Net with name "ADC18" already exists
Add Net: Net with name "ADC18" already exists
Add Net: Net with name "ADC19" already exists
Add Net: Net with name "ADC19" already exists
Add Net: Net with name "ADC20" already exists
Add Net: Net with name "ADC20" already exists
Add Net: Net with name "Enkoder L1" already exists
Add Net: Net with name "Enkoder L2" already exists
Add Net: Net with name "Enkoder P1" already exists
Add Net: Net with name "Enkoder P2" already exists
Added Pin To Net: NetName=NetIC4_1 Pin=IC4-1
Added Pin To Net: NetName=NetIC4_1 Pin=R27-2
Added Net: Name=NetIC4_1
Added Pin To Net: NetName=NetIC4_3 Pin=IC4-3
Added Pin To Net: NetName=NetIC4_3 Pin=R22-2
Added Pin To Net: NetName=NetIC4_3 Pin=R32-2
Added Net: Name=NetIC4_3
Added Pin To Net: NetName=NetIC5_1 Pin=IC5-1
Added Pin To Net: NetName=NetIC5_1 Pin=R31-2
Added Net: Name=NetIC5_1
Added Pin To Net: NetName=NetIC5_3 Pin=IC5-3
Added Pin To Net: NetName=NetIC5_3 Pin=R23-2
Added Pin To Net: NetName=NetIC5_3 Pin=R28-2
Added Net: Name=NetIC5_3
Added Pin To Net: NetName=NetIC6_1 Pin=IC6-1
Added Pin To Net: NetName=NetIC6_1 Pin=R33-2
Added Net: Name=NetIC6_1
Added Pin To Net: NetName=NetIC6_3 Pin=IC6-3
Added Pin To Net: NetName=NetIC6_3 Pin=R24-2
Added Pin To Net: NetName=NetIC6_3 Pin=R29-2
Added Net: Name=NetIC6_3
Added Pin To Net: NetName=NetIC7_1 Pin=IC7-1
Added Pin To Net: NetName=NetIC7_1 Pin=R34-2
Added Net: Name=NetIC7_1
Added Pin To Net: NetName=NetIC7_3 Pin=IC7-3
Added Pin To Net: NetName=NetIC7_3 Pin=R25-2
Added Pin To Net: NetName=NetIC7_3 Pin=R30-2
Added Net: Name=NetIC7_3
Added Pin To Net: NetName=NetIC8_1 Pin=IC8-1
Added Pin To Net: NetName=NetIC8_1 Pin=R36-2
Added Net: Name=NetIC8_1
Added Pin To Net: NetName=NetIC8_3 Pin=IC8-3
Added Pin To Net: NetName=NetIC8_3 Pin=R26-2
Added Pin To Net: NetName=NetIC8_3 Pin=R35-2
Added Net: Name=NetIC8_3
Added Pin To Net: NetName=NetIC9_1 Pin=IC9-1
Added Pin To Net: NetName=NetIC9_1 Pin=R45-2
Added Net: Name=NetIC9_1
Added Pin To Net: NetName=NetIC9_3 Pin=IC9-3
Added Pin To Net: NetName=NetIC9_3 Pin=R37-2
Added Pin To Net: NetName=NetIC9_3 Pin=R41-2
Added Net: Name=NetIC9_3
Added Pin To Net: NetName=NetIC10_1 Pin=IC10-1
Added Pin To Net: NetName=NetIC10_1 Pin=R46-2
Added Net: Name=NetIC10_1
Added Pin To Net: NetName=NetIC10_3 Pin=IC10-3
Added Pin To Net: NetName=NetIC10_3 Pin=R38-2
Added Pin To Net: NetName=NetIC10_3 Pin=R42-2
Added Net: Name=NetIC10_3
Added Pin To Net: NetName=NetIC11_1 Pin=IC11-1
Added Pin To Net: NetName=NetIC11_1 Pin=R47-2
Added Net: Name=NetIC11_1
Added Pin To Net: NetName=NetIC11_3 Pin=IC11-3
Added Pin To Net: NetName=NetIC11_3 Pin=R39-2
Added Pin To Net: NetName=NetIC11_3 Pin=R43-2
Added Net: Name=NetIC11_3
Added Pin To Net: NetName=NetIC12_1 Pin=IC12-1
Added Pin To Net: NetName=NetIC12_1 Pin=R48-2
Added Net: Name=NetIC12_1
Added Pin To Net: NetName=NetIC12_3 Pin=IC12-3
Added Pin To Net: NetName=NetIC12_3 Pin=R40-2
Added Pin To Net: NetName=NetIC12_3 Pin=R44-2
Added Net: Name=NetIC12_3
Added Pin To Net: NetName=NetIC13_1 Pin=IC13-1
Added Pin To Net: NetName=NetIC13_1 Pin=R57-2
Added Net: Name=NetIC13_1
Added Pin To Net: NetName=NetIC13_3 Pin=IC13-3
Added Pin To Net: NetName=NetIC13_3 Pin=R49-2
Added Pin To Net: NetName=NetIC13_3 Pin=R53-2
Added Net: Name=NetIC13_3
Added Pin To Net: NetName=NetIC14_1 Pin=IC14-1
Added Pin To Net: NetName=NetIC14_1 Pin=R58-2
Added Net: Name=NetIC14_1
Added Pin To Net: NetName=NetIC14_3 Pin=IC14-3
Added Pin To Net: NetName=NetIC14_3 Pin=R50-2
Added Pin To Net: NetName=NetIC14_3 Pin=R54-2
Added Net: Name=NetIC14_3
Added Pin To Net: NetName=NetIC15_3 Pin=IC15-3
Added Pin To Net: NetName=NetIC15_3 Pin=R51-2
Added Pin To Net: NetName=NetIC15_3 Pin=R55-2
Added Net: Name=NetIC15_3
Added Pin To Net: NetName=NetIC16_1 Pin=IC16-1
Added Pin To Net: NetName=NetIC16_1 Pin=R60-2
Added Net: Name=NetIC16_1
Added Pin To Net: NetName=NetIC16_3 Pin=IC16-3
Added Pin To Net: NetName=NetIC16_3 Pin=R52-2
Added Pin To Net: NetName=NetIC16_3 Pin=R56-2
Added Net: Name=NetIC16_3
Added Pin To Net: NetName=NetIC17_1 Pin=IC17-1
Added Pin To Net: NetName=NetIC17_1 Pin=R69-2
Added Net: Name=NetIC17_1
Added Pin To Net: NetName=NetIC17_3 Pin=IC17-3
Added Pin To Net: NetName=NetIC17_3 Pin=R61-2
Added Pin To Net: NetName=NetIC17_3 Pin=R65-2
Added Net: Name=NetIC17_3
Added Pin To Net: NetName=NetIC18_1 Pin=IC18-1
Added Pin To Net: NetName=NetIC18_1 Pin=R70-2
Added Net: Name=NetIC18_1
Added Pin To Net: NetName=NetIC18_3 Pin=IC18-3
Added Pin To Net: NetName=NetIC18_3 Pin=R62-2
Added Pin To Net: NetName=NetIC18_3 Pin=R66-2
Added Net: Name=NetIC18_3
Added Pin To Net: NetName=NetIC19_1 Pin=IC19-1
Added Pin To Net: NetName=NetIC19_1 Pin=R71-2
Added Net: Name=NetIC19_1
Added Pin To Net: NetName=NetIC19_3 Pin=IC19-3
Added Pin To Net: NetName=NetIC19_3 Pin=R63-2
Added Pin To Net: NetName=NetIC19_3 Pin=R67-2
Added Net: Name=NetIC19_3
Added Pin To Net: NetName=NetIC20_1 Pin=IC20-1
Added Pin To Net: NetName=NetIC20_1 Pin=R72-2
Added Net: Name=NetIC20_1
Added Pin To Net: NetName=NetIC20_3 Pin=IC20-3
Added Pin To Net: NetName=NetIC20_3 Pin=R64-2
Added Pin To Net: NetName=NetIC20_3 Pin=R68-2
Added Net: Name=NetIC20_3
Added Pin To Net: NetName=NetIC21_1 Pin=IC21-1
Added Pin To Net: NetName=NetIC21_1 Pin=R79-2
Added Net: Name=NetIC21_1
Added Pin To Net: NetName=NetIC21_3 Pin=IC21-3
Added Pin To Net: NetName=NetIC21_3 Pin=R73-2
Added Pin To Net: NetName=NetIC21_3 Pin=R76-2
Added Net: Name=NetIC21_3
Added Pin To Net: NetName=NetIC22_1 Pin=IC22-1
Added Pin To Net: NetName=NetIC22_1 Pin=R80-2
Added Net: Name=NetIC22_1
Added Pin To Net: NetName=NetIC22_3 Pin=IC22-3
Added Pin To Net: NetName=NetIC22_3 Pin=R74-2
Added Pin To Net: NetName=NetIC22_3 Pin=R77-2
Added Net: Name=NetIC22_3
Added Pin To Net: NetName=NetIC23_1 Pin=IC23-1
Added Pin To Net: NetName=NetIC23_1 Pin=R81-2
Added Net: Name=NetIC23_1
Add Net: Net with name "PA8" already exists
Add Net: Net with name "PA9" already exists
Add Net: Net with name "PA10" already exists
Add Net: Net with name "PA11" already exists
Add Net: Net with name "PA12" already exists
Add Net: Net with name "PA15" already exists
Add Net: Net with name "PB4" already exists
Add Net: Net with name "PB5" already exists
Add Net: Net with name "PC14" already exists
Add Net: Net with name "PC15" already exists
Add Net: Net with name "SWCLK" already exists
Add Net: Net with name "SWDIO" already exists
Add Net: Net with name "UART RX" already exists
Add Net: Net with name "UART TX" already exists
Add Class Member: Failed to add class member : Component *1 RT7251
Add Class Member: Failed to add class member : Component *2 RT7251
Add Class Member: Failed to add class member : Component *3 RT7251
Add Class Member: Failed to add class member : Component * TMC2208 Module
Add Class Member: Failed to add class member : Component AC1 LSM6DSOXTR
Added Member To Class: ClassName=KTIR-FRONT Member=Component C26 22nF
Added Member To Class: ClassName=KTIR-FRONT Member=Component C27 22nF
Added Member To Class: ClassName=KTIR-FRONT Member=Component C28 22nF
Added Member To Class: ClassName=KTIR-FRONT Member=Component C29 22nF
Added Member To Class: ClassName=KTIR-FRONT Member=Component C30 22nF
Added Member To Class: ClassName=KTIR-FRONT Member=Component C31 22nF
Added Member To Class: ClassName=KTIR-FRONT Member=Component C32 22nF
Added Member To Class: ClassName=KTIR-FRONT Member=Component C33 22nF
Added Member To Class: ClassName=KTIR-FRONT Member=Component C34 22nF
Added Member To Class: ClassName=KTIR-FRONT Member=Component C35 22nF
Added Member To Class: ClassName=KTIR-FRONT Member=Component C36 22nF
Added Member To Class: ClassName=KTIR-FRONT Member=Component C37 22nF
Added Member To Class: ClassName=KTIR-FRONT Member=Component C38 22nF
Added Member To Class: ClassName=KTIR-FRONT Member=Component C39 22nF
Added Member To Class: ClassName=KTIR-FRONT Member=Component C40 22nF
Added Member To Class: ClassName=KTIR-FRONT Member=Component C41 22nF
Added Member To Class: ClassName=KTIR-FRONT Member=Component C42 22nF
Added Member To Class: ClassName=KTIR-FRONT Member=Component C43 22nF
Add Class Member: Failed to add class member : Component C50 0.1uF
Add Class Member: Failed to add class member : Component C51 0.1uF
Add Class Member: Failed to add class member : Component C52 0.1uF
Add Class Member: Failed to add class member : Component C53 150uF
Add Class Member: Failed to add class member : Component C54 150uF
Added Member To Class: ClassName=KTIR-FRONT Member=Component IC4 KTIR0711S
Added Member To Class: ClassName=KTIR-FRONT Member=Component IC5 KTIR0711S
Added Member To Class: ClassName=KTIR-FRONT Member=Component IC6 KTIR0711S
Added Member To Class: ClassName=KTIR-FRONT Member=Component IC8 KTIR0711S
Added Member To Class: ClassName=KTIR-FRONT Member=Component IC9 KTIR0711S
Added Member To Class: ClassName=KTIR-FRONT Member=Component IC10 KTIR0711S
Added Member To Class: ClassName=KTIR-FRONT Member=Component IC11 KTIR0711S
Added Member To Class: ClassName=KTIR-FRONT Member=Component IC12 KTIR0711S
Added Member To Class: ClassName=KTIR-FRONT Member=Component IC13 KTIR0711S
Added Member To Class: ClassName=KTIR-FRONT Member=Component IC14 KTIR0711S
Added Member To Class: ClassName=KTIR-FRONT Member=Component IC15 KTIR0711S
Added Member To Class: ClassName=KTIR-FRONT Member=Component IC16 KTIR0711S
Added Member To Class: ClassName=KTIR-FRONT Member=Component IC17 KTIR0711S
Added Member To Class: ClassName=KTIR-FRONT Member=Component IC18 KTIR0711S
Added Member To Class: ClassName=KTIR-FRONT Member=Component IC19 KTIR0711S
Added Member To Class: ClassName=KTIR-FRONT Member=Component IC20 KTIR0711S
Added Member To Class: ClassName=KTIR-FRONT Member=Component IC21 KTIR0711S
Added Member To Class: ClassName=KTIR-FRONT Member=Component IC22 KTIR0711S
Added Member To Class: ClassName=KTIR-FRONT Member=Component IC23 KTIR0711S
Add Class Member: Failed to add class member : Component IC24 RT7251AZQW
Added Member To Class: ClassName=KTIR-FRONT Member=Component R23 10k
Added Member To Class: ClassName=KTIR-FRONT Member=Component R24 10k
Added Member To Class: ClassName=KTIR-FRONT Member=Component R25 10k
Added Member To Class: ClassName=KTIR-FRONT Member=Component R26 10k
Added Member To Class: ClassName=KTIR-FRONT Member=Component R28 8k
Added Member To Class: ClassName=KTIR-FRONT Member=Component R29 8k
Added Member To Class: ClassName=KTIR-FRONT Member=Component R30 8k
Added Member To Class: ClassName=KTIR-FRONT Member=Component R31 120R
Added Member To Class: ClassName=KTIR-FRONT Member=Component R33 120R
Added Member To Class: ClassName=KTIR-FRONT Member=Component R34 120R
Added Member To Class: ClassName=KTIR-FRONT Member=Component R35 8k
Added Member To Class: ClassName=KTIR-FRONT Member=Component R36 120R
Added Member To Class: ClassName=KTIR-FRONT Member=Component R37 10k
Added Member To Class: ClassName=KTIR-FRONT Member=Component R38 10k
Added Member To Class: ClassName=KTIR-FRONT Member=Component R39 10k
Added Member To Class: ClassName=KTIR-FRONT Member=Component R40 10k
Added Member To Class: ClassName=KTIR-FRONT Member=Component R41 8k
Added Member To Class: ClassName=KTIR-FRONT Member=Component R42 8k
Added Member To Class: ClassName=KTIR-FRONT Member=Component R43 8k
Added Member To Class: ClassName=KTIR-FRONT Member=Component R44 8k
Added Member To Class: ClassName=KTIR-FRONT Member=Component R45 120R
Added Member To Class: ClassName=KTIR-FRONT Member=Component R46 120R
Added Member To Class: ClassName=KTIR-FRONT Member=Component R47 120R
Added Member To Class: ClassName=KTIR-FRONT Member=Component R48 120R
Added Member To Class: ClassName=KTIR-FRONT Member=Component R49 10k
Added Member To Class: ClassName=KTIR-FRONT Member=Component R50 10k
Added Member To Class: ClassName=KTIR-FRONT Member=Component R51 10k
Added Member To Class: ClassName=KTIR-FRONT Member=Component R52 10k
Added Member To Class: ClassName=KTIR-FRONT Member=Component R53 8k
Added Member To Class: ClassName=KTIR-FRONT Member=Component R54 8k
Added Member To Class: ClassName=KTIR-FRONT Member=Component R56 8k
Added Member To Class: ClassName=KTIR-FRONT Member=Component R57 120R
Added Member To Class: ClassName=KTIR-FRONT Member=Component R58 120R
Added Member To Class: ClassName=KTIR-FRONT Member=Component R59 120R
Added Member To Class: ClassName=KTIR-FRONT Member=Component R60 120R
Added Member To Class: ClassName=KTIR-FRONT Member=Component R61 10k
Added Member To Class: ClassName=KTIR-FRONT Member=Component R62 10k
Added Member To Class: ClassName=KTIR-FRONT Member=Component R63 10k
Added Member To Class: ClassName=KTIR-FRONT Member=Component R64 10k
Added Member To Class: ClassName=KTIR-FRONT Member=Component R65 8k
Added Member To Class: ClassName=KTIR-FRONT Member=Component R66 8k
Added Member To Class: ClassName=KTIR-FRONT Member=Component R67 8k
Added Member To Class: ClassName=KTIR-FRONT Member=Component R68 8k
Added Member To Class: ClassName=KTIR-FRONT Member=Component R69 120R
Added Member To Class: ClassName=KTIR-FRONT Member=Component R70 120R
Added Member To Class: ClassName=KTIR-FRONT Member=Component R71 120R
Added Member To Class: ClassName=KTIR-FRONT Member=Component R72 120R
Added Member To Class: ClassName=KTIR-FRONT Member=Component R73 10k
Added Member To Class: ClassName=KTIR-FRONT Member=Component R74 10k
Added Member To Class: ClassName=KTIR-FRONT Member=Component R75 10k
Added Member To Class: ClassName=KTIR-FRONT Member=Component R76 8k
Added Member To Class: ClassName=KTIR-FRONT Member=Component R77 8k
Added Member To Class: ClassName=KTIR-FRONT Member=Component R78 8k
Added Member To Class: ClassName=KTIR-FRONT Member=Component R79 120R
Added Member To Class: ClassName=KTIR-FRONT Member=Component R80 120R
Added Member To Class: ClassName=KTIR-FRONT Member=Component R81 120R
Add Class Member: Failed to add class member : Component U2 CC3301ENJARSBR
Add Class Member: Failed to add class member : Component Y1 40MHz
