Add Component: Footprint Not Found CAPPRD500W60D1025H1750
Add Component: Footprint Not Found CAPPRD500W60D1025H1750
Add Component: Footprint Not Found CAPPRD500W60D1025H1750
Added Component: Designator=0.1uF(GCM033C70J104KE02D)
Add component (AddParameter): Name = "Arrow Part Number"; Value = ""; VariantName = "[No Variations]"
Add component (AddParameter): Name = "Arrow Price/Stock"; Value = ""; VariantName = "[No Variations]"
Add component (AddParameter): Name = "Datasheet Link"; Value = "https://search.murata.co.jp/Ceramy/image/img/A01X/G101/ENG/GCM033C70G104KE02-01A.pdf"; VariantName = "[No Variations]"
Add component (AddParameter): Name = "Height"; Value = "0.33mm"; VariantName = "[No Variations]"
Add component (AddParameter): Name = "Manufacturer_Name"; Value = "Murata Electronics"; VariantName = "[No Variations]"
Add component (AddParameter): Name = "Manufacturer_Part_Number"; Value = "GCM033C70G104KE02W"; VariantName = "[No Variations]"
Add component (AddParameter): Name = "Mouser Part Number"; Value = "81-GCM033C70G104KE2W"; VariantName = "[No Variations]"
Add component (AddParameter): Name = "Mouser Price/Stock"; Value = "https://www.mouser.co.uk/ProductDetail/Murata-Electronics/GCM033C70G104KE02W?qs=ulEaXIWI0c%252BFJ%252BOuNbTWJg%3D%3D"; VariantName = "[No Variations]"
Added Component: Designator=0.1uF(GCM033C70J104KE02D)
Add component (AddParameter): Name = "Arrow Part Number"; Value = ""; VariantName = "[No Variations]"
Add component (AddParameter): Name = "Arrow Price/Stock"; Value = ""; VariantName = "[No Variations]"
Add component (AddParameter): Name = "Datasheet Link"; Value = "https://search.murata.co.jp/Ceramy/image/img/A01X/G101/ENG/GCM033C70G104KE02-01A.pdf"; VariantName = "[No Variations]"
Add component (AddParameter): Name = "Height"; Value = "0.33mm"; VariantName = "[No Variations]"
Add component (AddParameter): Name = "Manufacturer_Name"; Value = "Murata Electronics"; VariantName = "[No Variations]"
Add component (AddParameter): Name = "Manufacturer_Part_Number"; Value = "GCM033C70G104KE02W"; VariantName = "[No Variations]"
Add component (AddParameter): Name = "Mouser Part Number"; Value = "81-GCM033C70G104KE2W"; VariantName = "[No Variations]"
Add component (AddParameter): Name = "Mouser Price/Stock"; Value = "https://www.mouser.co.uk/ProductDetail/Murata-Electronics/GCM033C70G104KE02W?qs=ulEaXIWI0c%252BFJ%252BOuNbTWJg%3D%3D"; VariantName = "[No Variations]"
Added Component: Designator=0.1uF(GCM033C70J104KE02D)
Add component (AddParameter): Name = "Arrow Part Number"; Value = ""; VariantName = "[No Variations]"
Add component (AddParameter): Name = "Arrow Price/Stock"; Value = ""; VariantName = "[No Variations]"
Add component (AddParameter): Name = "Datasheet Link"; Value = "https://search.murata.co.jp/Ceramy/image/img/A01X/G101/ENG/GCM033C70G104KE02-01A.pdf"; VariantName = "[No Variations]"
Add component (AddParameter): Name = "Height"; Value = "0.33mm"; VariantName = "[No Variations]"
Add component (AddParameter): Name = "Manufacturer_Name"; Value = "Murata Electronics"; VariantName = "[No Variations]"
Add component (AddParameter): Name = "Manufacturer_Part_Number"; Value = "GCM033C70G104KE02W"; VariantName = "[No Variations]"
Add component (AddParameter): Name = "Mouser Part Number"; Value = "81-GCM033C70G104KE2W"; VariantName = "[No Variations]"
Add component (AddParameter): Name = "Mouser Price/Stock"; Value = "https://www.mouser.co.uk/ProductDetail/Murata-Electronics/GCM033C70G104KE02W?qs=ulEaXIWI0c%252BFJ%252BOuNbTWJg%3D%3D"; VariantName = "[No Variations]"
Added Component: Designator=0.1uF(GCM033C70J104KE02D)
Add component (AddParameter): Name = "Arrow Part Number"; Value = ""; VariantName = "[No Variations]"
Add component (AddParameter): Name = "Arrow Price/Stock"; Value = ""; VariantName = "[No Variations]"
Add component (AddParameter): Name = "Datasheet Link"; Value = "https://search.murata.co.jp/Ceramy/image/img/A01X/G101/ENG/GCM033C70G104KE02-01A.pdf"; VariantName = "[No Variations]"
Add component (AddParameter): Name = "Height"; Value = "0.33mm"; VariantName = "[No Variations]"
Add component (AddParameter): Name = "Manufacturer_Name"; Value = "Murata Electronics"; VariantName = "[No Variations]"
Add component (AddParameter): Name = "Manufacturer_Part_Number"; Value = "GCM033C70G104KE02W"; VariantName = "[No Variations]"
Add component (AddParameter): Name = "Mouser Part Number"; Value = "81-GCM033C70G104KE2W"; VariantName = "[No Variations]"
Add component (AddParameter): Name = "Mouser Price/Stock"; Value = "https://www.mouser.co.uk/ProductDetail/Murata-Electronics/GCM033C70G104KE02W?qs=ulEaXIWI0c%252BFJ%252BOuNbTWJg%3D%3D"; VariantName = "[No Variations]"
Added Component: Designator=0.1uF(GCM033C70J104KE02D)
Add component (AddParameter): Name = "Arrow Part Number"; Value = ""; VariantName = "[No Variations]"
Add component (AddParameter): Name = "Arrow Price/Stock"; Value = ""; VariantName = "[No Variations]"
Add component (AddParameter): Name = "Datasheet Link"; Value = "https://search.murata.co.jp/Ceramy/image/img/A01X/G101/ENG/GCM033C70G104KE02-01A.pdf"; VariantName = "[No Variations]"
Add component (AddParameter): Name = "Height"; Value = "0.33mm"; VariantName = "[No Variations]"
Add component (AddParameter): Name = "Manufacturer_Name"; Value = "Murata Electronics"; VariantName = "[No Variations]"
Add component (AddParameter): Name = "Manufacturer_Part_Number"; Value = "GCM033C70G104KE02W"; VariantName = "[No Variations]"
Add component (AddParameter): Name = "Mouser Part Number"; Value = "81-GCM033C70G104KE2W"; VariantName = "[No Variations]"
Add component (AddParameter): Name = "Mouser Price/Stock"; Value = "https://www.mouser.co.uk/ProductDetail/Murata-Electronics/GCM033C70G104KE02W?qs=ulEaXIWI0c%252BFJ%252BOuNbTWJg%3D%3D"; VariantName = "[No Variations]"
Added Component: Designator=1uF(GCM033C70J104KE02D)
Add component (AddParameter): Name = "Arrow Part Number"; Value = ""; VariantName = "[No Variations]"
Add component (AddParameter): Name = "Arrow Price/Stock"; Value = ""; VariantName = "[No Variations]"
Add component (AddParameter): Name = "Datasheet Link"; Value = "https://search.murata.co.jp/Ceramy/image/img/A01X/G101/ENG/GCM033C70G104KE02-01A.pdf"; VariantName = "[No Variations]"
Add component (AddParameter): Name = "Height"; Value = "0.33mm"; VariantName = "[No Variations]"
Add component (AddParameter): Name = "Manufacturer_Name"; Value = "Murata Electronics"; VariantName = "[No Variations]"
Add component (AddParameter): Name = "Manufacturer_Part_Number"; Value = "GCM033C70G104KE02W"; VariantName = "[No Variations]"
Add component (AddParameter): Name = "Mouser Part Number"; Value = "81-GCM033C70G104KE2W"; VariantName = "[No Variations]"
Add component (AddParameter): Name = "Mouser Price/Stock"; Value = "https://www.mouser.co.uk/ProductDetail/Murata-Electronics/GCM033C70G104KE02W?qs=ulEaXIWI0c%252BFJ%252BOuNbTWJg%3D%3D"; VariantName = "[No Variations]"
Added Component: Designator=10pF(GCM033C70J104KE02D)
Add component (AddParameter): Name = "Arrow Part Number"; Value = ""; VariantName = "[No Variations]"
Add component (AddParameter): Name = "Arrow Price/Stock"; Value = ""; VariantName = "[No Variations]"
Add component (AddParameter): Name = "Datasheet Link"; Value = "https://search.murata.co.jp/Ceramy/image/img/A01X/G101/ENG/GCM033C70G104KE02-01A.pdf"; VariantName = "[No Variations]"
Add component (AddParameter): Name = "Height"; Value = "0.33mm"; VariantName = "[No Variations]"
Add component (AddParameter): Name = "Manufacturer_Name"; Value = "Murata Electronics"; VariantName = "[No Variations]"
Add component (AddParameter): Name = "Manufacturer_Part_Number"; Value = "GCM033C70G104KE02W"; VariantName = "[No Variations]"
Add component (AddParameter): Name = "Mouser Part Number"; Value = "81-GCM033C70G104KE2W"; VariantName = "[No Variations]"
Add component (AddParameter): Name = "Mouser Price/Stock"; Value = "https://www.mouser.co.uk/ProductDetail/Murata-Electronics/GCM033C70G104KE02W?qs=ulEaXIWI0c%252BFJ%252BOuNbTWJg%3D%3D"; VariantName = "[No Variations]"
Added Component: Designator=40MHz(R38)
Add component (AddParameter): Name = "LatestRevisionDate"; Value = "17-Jul-2002"; VariantName = "[No Variations]"
Add component (AddParameter): Name = "LatestRevisionNote"; Value = "Re-released for DXP Platform."; VariantName = "[No Variations]"
Add component (AddParameter): Name = "PackageDescription"; Value = "Crystal, Thru-Hole; 2 Leads; Body 3.1 x 8.2 mm (Dia.xH)"; VariantName = "[No Variations]"
Add component (AddParameter): Name = "PackageReference"; Value = "R38"; VariantName = "[No Variations]"
Add component (AddParameter): Name = "Published"; Value = "8-Jun-2000"; VariantName = "[No Variations]"
Add component (AddParameter): Name = "Publisher"; Value = "Altium Limited"; VariantName = "[No Variations]"
Add Component: Footprint Not Found CAPPRD500W60D1025H1750
Add Component: Footprint Not Found CAPPRD500W60D1025H1750
Add Component: Footprint Not Found LGA-14_1
Add Component: Footprint Not Found M830520
Added Component: Designator=C1(C 0603)
Added Component: Designator=C2(C 0603)
Added Component: Designator=C3(C 0603)
Added Component: Designator=C4(C 0603)
Added Component: Designator=C5(C 0603)
Added Component: Designator=C6(C 0603)
Added Component: Designator=C7(C 0603)
Added Component: Designator=C8(C 0603)
Added Component: Designator=C9(C 0603)
Added Component: Designator=C10(C 0603)
Added Component: Designator=C11(C 0603)
Added Component: Designator=C12(C 0603)
Added Component: Designator=C13(C 0603)
Added Component: Designator=C14(C 0603)
Added Component: Designator=C15(C 0603)
Added Component: Designator=C16(C 0603)
Added Component: Designator=C17(C 0603)
Added Component: Designator=C18(C 0603)
Added Component: Designator=C19(C 0603)
Added Component: Designator=C20(C 0603)
Added Component: Designator=C21(C 0603)
Added Component: Designator=C22(C 0603)
Added Component: Designator=C23(C 0603)
Added Component: Designator=C24(C 0603)
Added Component: Designator=C25(C 0603)
Added Component: Designator=C26(C 0603)
Added Component: Designator=C27(C 0603)
Added Component: Designator=C28(C 0603)
Added Component: Designator=C29(C 0603)
Added Component: Designator=C30(C 0603)
Added Component: Designator=C31(C 0603)
Added Component: Designator=C32(C 0603)
Added Component: Designator=C33(C 0603)
Added Component: Designator=C34(C 0603)
Added Component: Designator=C35(C 0603)
Added Component: Designator=C36(C 0603)
Added Component: Designator=C37(C 0603)
Added Component: Designator=C38(C 0603)
Added Component: Designator=C39(C 0603)
Added Component: Designator=C40(C 0603)
Added Component: Designator=C41(C 0603)
Added Component: Designator=C42(C 0603)
Added Component: Designator=C43(C 0603)
Added Component: Designator=CON1(BM04B-SRSS-TB)
Added Component: Designator=CON2(BM03B-SRSS-TB)
Added Component: Designator=CON3(BM04B-SRSS-TB)
Added Component: Designator=CON4(BM03B-SRSS-TB)
Added Component: Designator=CON5(BM03B-SRSS-TB)
Added Component: Designator=CON6(Goldpin 1.27mm 6Pin)
Added Component: Designator=CON7(Goldpin 1.27mm 6Pin)
Added Component: Designator=CON8(BM03B-SRSS-TB)
Added Component: Designator=CON9(BM04B-SRSS-TB)
Added Component: Designator=D1(LED 0603 White)
Added Component: Designator=D2(LED 0603 White)
Added Component: Designator=D3(LED 0603 White)
Added Component: Designator=D4(LED 0603 White)
Added Component: Designator=D5(LED 0603 White)
Added Component: Designator=D6(LED 0603 White)
Added Component: Designator=D7(LED 0603 White)
Added Component: Designator=D8(LED 0603 White)
Added Component: Designator=D9(LED 0603 White)
Added Component: Designator=D10(LED 0603 White)
Added Component: Designator=D11(LED 0603 White)
Added Component: Designator=D12(LED 0603 White)
Added Component: Designator=D13(LED 0603 White)
Added Component: Designator=D14(LED 0603 White)
Added Component: Designator=D15(LED 0603 White)
Added Component: Designator=D16(LED 0603 White)
Added Component: Designator=D17(LED 0603 White)
Added Component: Designator=D18(LED 0603 White)
Added Component: Designator=D19(LED 0603 White)
Added Component: Designator=D20(LED 0603 White)
Added Component: Designator=D21(LED 0603 White)
Added Component: Designator=D22(LED 0603 White)
Added Component: Designator=D23(LED 0603 White)
Added Component: Designator=D24(LED 0603 White)
Added Component: Designator=D25(LED 0603 White)
Added Component: Designator=D26(LED 0603 White)
Added Component: Designator=D27(LED 0603 White)
Added Component: Designator=D28(LED 0603 White)
Added Component: Designator=D29(LED 0603 White)
Added Component: Designator=D30(LED 0603 White)
Add Component: Footprint Not Found DEA162450BT1295A1
Added Component: Designator=IC1(SOIC127P600X170-9N)
Add component (AddParameter): Name = "Arrow Part Number"; Value = "DRV8251DDAR"; VariantName = "[No Variations]"
Add component (AddParameter): Name = "Arrow Price/Stock"; Value = "https://www.arrow.com/en/products/drv8251ddar/texas-instruments?region=nac"; VariantName = "[No Variations]"
Add component (AddParameter): Name = "Datasheet Link"; Value = "https://www.arrow.com/en/products/drv8251ddar/texas-instruments?region=nac"; VariantName = "[No Variations]"
Add component (AddParameter): Name = "Height"; Value = "1.7mm"; VariantName = "[No Variations]"
Add component (AddParameter): Name = "Manufacturer_Name"; Value = "Texas Instruments"; VariantName = "[No Variations]"
Add component (AddParameter): Name = "Manufacturer_Part_Number"; Value = "DRV8251DDAR"; VariantName = "[No Variations]"
Add component (AddParameter): Name = "Mouser Part Number"; Value = "595-DRV8251DDAR"; VariantName = "[No Variations]"
Add component (AddParameter): Name = "Mouser Price/Stock"; Value = "https://www.mouser.co.uk/ProductDetail/Texas-Instruments/DRV8251DDAR?qs=doiCPypUmgHTzZyfapGahQ%3D%3D"; VariantName = "[No Variations]"
Added Component: Designator=IC2(SOIC127P600X170-9N)
Add component (AddParameter): Name = "Arrow Part Number"; Value = "DRV8251DDAR"; VariantName = "[No Variations]"
Add component (AddParameter): Name = "Arrow Price/Stock"; Value = "https://www.arrow.com/en/products/drv8251ddar/texas-instruments?region=nac"; VariantName = "[No Variations]"
Add component (AddParameter): Name = "Datasheet Link"; Value = "https://www.arrow.com/en/products/drv8251ddar/texas-instruments?region=nac"; VariantName = "[No Variations]"
Add component (AddParameter): Name = "Height"; Value = "1.7mm"; VariantName = "[No Variations]"
Add component (AddParameter): Name = "Manufacturer_Name"; Value = "Texas Instruments"; VariantName = "[No Variations]"
Add component (AddParameter): Name = "Manufacturer_Part_Number"; Value = "DRV8251DDAR"; VariantName = "[No Variations]"
Add component (AddParameter): Name = "Mouser Part Number"; Value = "595-DRV8251DDAR"; VariantName = "[No Variations]"
Add component (AddParameter): Name = "Mouser Price/Stock"; Value = "https://www.mouser.co.uk/ProductDetail/Texas-Instruments/DRV8251DDAR?qs=doiCPypUmgHTzZyfapGahQ%3D%3D"; VariantName = "[No Variations]"
Added Component: Designator=IC3(SOIC127P600X170-9N)
Add component (AddParameter): Name = "Arrow Part Number"; Value = "DRV8251DDAR"; VariantName = "[No Variations]"
Add component (AddParameter): Name = "Arrow Price/Stock"; Value = "https://www.arrow.com/en/products/drv8251ddar/texas-instruments?region=nac"; VariantName = "[No Variations]"
Add component (AddParameter): Name = "Datasheet Link"; Value = "https://www.arrow.com/en/products/drv8251ddar/texas-instruments?region=nac"; VariantName = "[No Variations]"
Add component (AddParameter): Name = "Height"; Value = "1.7mm"; VariantName = "[No Variations]"
Add component (AddParameter): Name = "Manufacturer_Name"; Value = "Texas Instruments"; VariantName = "[No Variations]"
Add component (AddParameter): Name = "Manufacturer_Part_Number"; Value = "DRV8251DDAR"; VariantName = "[No Variations]"
Add component (AddParameter): Name = "Mouser Part Number"; Value = "595-DRV8251DDAR"; VariantName = "[No Variations]"
Add component (AddParameter): Name = "Mouser Price/Stock"; Value = "https://www.mouser.co.uk/ProductDetail/Texas-Instruments/DRV8251DDAR?qs=doiCPypUmgHTzZyfapGahQ%3D%3D"; VariantName = "[No Variations]"
Add Component: Footprint Not Found KTIR0711S
Add Component: Footprint Not Found KTIR0711S
Add Component: Footprint Not Found KTIR0711S
Add Component: Footprint Not Found KTIR0711S
Add Component: Footprint Not Found KTIR0711S
Add Component: Footprint Not Found KTIR0711S
Add Component: Footprint Not Found KTIR0711S
Add Component: Footprint Not Found KTIR0711S
Add Component: Footprint Not Found KTIR0711S
Add Component: Footprint Not Found KTIR0711S
Add Component: Footprint Not Found KTIR0711S
Add Component: Footprint Not Found KTIR0711S
Add Component: Footprint Not Found KTIR0711S
Add Component: Footprint Not Found KTIR0711S
Add Component: Footprint Not Found KTIR0711S
Add Component: Footprint Not Found KTIR0711S
Add Component: Footprint Not Found KTIR0711S
Add Component: Footprint Not Found KTIR0711S
Add Component: Footprint Not Found KTIR0711S
Add Component: Footprint Not Found KTIR0711S
Added Component: Designator=L1(L 1206)
Added Component: Designator=L2(L 1206)
Added Component: Designator=L3(L 1206)
Added Component: Designator=L4(L 1206)
Added Component: Designator=L5(L 1206)
Added Component: Designator=Q1(SOT23-3)
Added Component: Designator=Q2(SOT23-3)
Added Component: Designator=R1(R 0603)
Added Component: Designator=R2(R 0603)
Added Component: Designator=R3(R 0603)
Added Component: Designator=R4(R 0603)
Added Component: Designator=R5(R 0603)
Added Component: Designator=R6(R 0603)
Added Component: Designator=R7(R 0603)
Added Component: Designator=R8(R 0603)
Added Component: Designator=R9(R 0603)
Added Component: Designator=R10(R 0603)
Added Component: Designator=R11(R 0603)
Added Component: Designator=R12(R 0603)
Added Component: Designator=R13(R 0603)
Added Component: Designator=R14(R 0603)
Added Component: Designator=R15(R 0603)
Added Component: Designator=R16(R 0603)
Added Component: Designator=R17(R 0603)
Added Component: Designator=R18(R 0603)
Added Component: Designator=R19(R 1206)
Added Component: Designator=R20(R 1206)
Added Component: Designator=R21(R 1206)
Added Component: Designator=R22(R 0603)
Added Component: Designator=R23(R 0603)
Added Component: Designator=R24(R 0603)
Added Component: Designator=R25(R 0603)
Added Component: Designator=R26(R 0603)
Added Component: Designator=R27(R 0603)
Added Component: Designator=R28(R 0603)
Added Component: Designator=R29(R 0603)
Added Component: Designator=R30(R 0603)
Added Component: Designator=R31(R 0603)
Added Component: Designator=R32(R 0603)
Added Component: Designator=R33(R 0603)
Added Component: Designator=R34(R 0603)
Added Component: Designator=R35(R 0603)
Added Component: Designator=R36(R 0603)
Added Component: Designator=R37(R 0603)
Added Component: Designator=R38(R 0603)
Added Component: Designator=R39(R 0603)
Added Component: Designator=R40(R 0603)
Added Component: Designator=R41(R 0603)
Added Component: Designator=R42(R 0603)
Added Component: Designator=R43(R 0603)
Added Component: Designator=R44(R 0603)
Added Component: Designator=R45(R 0603)
Added Component: Designator=R46(R 0603)
Added Component: Designator=R47(R 0603)
Added Component: Designator=R48(R 0603)
Added Component: Designator=R49(R 0603)
Added Component: Designator=R50(R 0603)
Added Component: Designator=R51(R 0603)
Added Component: Designator=R52(R 0603)
Added Component: Designator=R53(R 0603)
Added Component: Designator=R54(R 0603)
Added Component: Designator=R55(R 0603)
Added Component: Designator=R56(R 0603)
Added Component: Designator=R57(R 0603)
Added Component: Designator=R58(R 0603)
Added Component: Designator=R59(R 0603)
Added Component: Designator=R60(R 0603)
Added Component: Designator=R61(R 0603)
Added Component: Designator=R62(R 0603)
Added Component: Designator=R63(R 0603)
Added Component: Designator=R64(R 0603)
Added Component: Designator=R65(R 0603)
Added Component: Designator=R66(R 0603)
Added Component: Designator=R67(R 0603)
Added Component: Designator=R68(R 0603)
Added Component: Designator=R69(R 0603)
Added Component: Designator=R70(R 0603)
Added Component: Designator=R71(R 0603)
Added Component: Designator=R72(R 0603)
Added Component: Designator=R73(R 0603)
Added Component: Designator=R74(R 0603)
Added Component: Designator=R75(R 0603)
Added Component: Designator=R76(R 0603)
Added Component: Designator=R77(R 0603)
Added Component: Designator=R78(R 0603)
Added Component: Designator=R79(R 0603)
Added Component: Designator=R80(R 0603)
Added Component: Designator=R81(R 0603)
Added Component: Designator=R82(R 0603)
Added Component: Designator=R83(R 0603)
Added Component: Designator=R84(R 0603)
Added Component: Designator=R85(R 0603)
Added Component: Designator=R86(R 0603)
Added Component: Designator=R87(R 0603)
Added Component: Designator=R88(R 0603)
Added Component: Designator=R89(R 0603)
Added Component: Designator=R90(R 0603)
Added Component: Designator=R91(R 0603)
Added Component: Designator=R92(R 0603)
Added Component: Designator=R93(R 0603)
Added Component: Designator=R94(R 0603)
Added Component: Designator=R95(R 0603)
Added Component: Designator=R96(R 0603)
Added Component: Designator=R97(R 0603)
Added Component: Designator=R98(R 0603)
Added Component: Designator=R99(R 0603)
Added Component: Designator=R100(R 0603)
Added Component: Designator=R101(R 0603)
Added Component: Designator=R102(R 0603)
Added Component: Designator=R103(R 0603)
Added Component: Designator=R104(R 0603)
Added Component: Designator=R105(R 0603)
Added Component: Designator=R106(R 0603)
Added Component: Designator=R107(R 0603)
Added Component: Designator=R108(R 0603)
Added Component: Designator=R109(R 0603)
Added Component: Designator=R110(R 0603)
Added Component: Designator=R111(R 0603)
Added Component: Designator=S1(DS104002RN)
Add component (AddParameter): Name = "Arrow Part Number"; Value = ""; VariantName = "[No Variations]"
Add component (AddParameter): Name = "Arrow Price/Stock"; Value = ""; VariantName = "[No Variations]"
Add component (AddParameter): Name = "Datasheet Link"; Value = "https://static.chipdip.ru/lib/974/DOC000974669.pdf"; VariantName = "[No Variations]"
Add component (AddParameter): Name = "Height"; Value = "7.6mm"; VariantName = "[No Variations]"
Add component (AddParameter): Name = "Manufacturer_Name"; Value = "Connfly"; VariantName = "[No Variations]"
Add component (AddParameter): Name = "Manufacturer_Part_Number"; Value = "DS1040-02RN"; VariantName = "[No Variations]"
Add component (AddParameter): Name = "Mouser Part Number"; Value = ""; VariantName = "[No Variations]"
Add component (AddParameter): Name = "Mouser Price/Stock"; Value = ""; VariantName = "[No Variations]"
Added Component: Designator=S2(DS104002RN)
Add component (AddParameter): Name = "Arrow Part Number"; Value = ""; VariantName = "[No Variations]"
Add component (AddParameter): Name = "Arrow Price/Stock"; Value = ""; VariantName = "[No Variations]"
Add component (AddParameter): Name = "Datasheet Link"; Value = "https://static.chipdip.ru/lib/974/DOC000974669.pdf"; VariantName = "[No Variations]"
Add component (AddParameter): Name = "Height"; Value = "7.6mm"; VariantName = "[No Variations]"
Add component (AddParameter): Name = "Manufacturer_Name"; Value = "Connfly"; VariantName = "[No Variations]"
Add component (AddParameter): Name = "Manufacturer_Part_Number"; Value = "DS1040-02RN"; VariantName = "[No Variations]"
Add component (AddParameter): Name = "Mouser Part Number"; Value = ""; VariantName = "[No Variations]"
Add component (AddParameter): Name = "Mouser Price/Stock"; Value = ""; VariantName = "[No Variations]"
Added Component: Designator=U1(UFQFPN-32)
Add component (AddParameter): Name = "Copyright"; Value = "Copyright (C) 2024 Ultra Librarian. All rights reserved."; VariantName = "[No Variations]"
Add component (AddParameter): Name = "Manufacturer_Part_Number"; Value = "STM32G071K8U6"; VariantName = "[No Variations]"
Add component (AddParameter): Name = "Mfr_Name"; Value = "STMicroelectronics"; VariantName = "[No Variations]"
Add component (AddParameter): Name = "RefDes"; Value = "RefDes"; VariantName = "[No Variations]"
Add component (AddParameter): Name = "Type"; Value = "DEV"; VariantName = "[No Variations]"
Add Component: Footprint Not Found WQFN_JARSBR_TEX
Added Component: Designator=U3(UFQFPN-32)
Add component (AddParameter): Name = "Copyright"; Value = "Copyright (C) 2024 Ultra Librarian. All rights reserved."; VariantName = "[No Variations]"
Add component (AddParameter): Name = "Manufacturer_Part_Number"; Value = "STM32G071K8U6"; VariantName = "[No Variations]"
Add component (AddParameter): Name = "Mfr_Name"; Value = "STMicroelectronics"; VariantName = "[No Variations]"
Add component (AddParameter): Name = "RefDes"; Value = "RefDes"; VariantName = "[No Variations]"
Add component (AddParameter): Name = "Type"; Value = "DEV"; VariantName = "[No Variations]"
Added Pin To Net: NetName=1.8V Pin=0.1uF-2
Added Pin To Net: NetName=1.8V Pin=0.1uF-2
Added Pin To Net: NetName=1.8V Pin=0.1uF-2
Added Pin To Net: NetName=1.8V Pin=0.1uF-2
Added Pin To Net: NetName=1.8V Pin=0.1uF-2
Added Pin To Net: NetName=1.8V Pin=C19-2
Added Pin To Net: NetName=1.8V Pin=C20-2
Added Pin To Net: NetName=1.8V Pin=L5-2
Added Pin To Net: NetName=1.8V Pin=R17-1
Added Net: Name=1.8V
Added Pin To Net: NetName=3.3V Pin=1uF-2
Added Pin To Net: NetName=3.3V Pin=C2-2
Added Pin To Net: NetName=3.3V Pin=C5-2
Added Pin To Net: NetName=3.3V Pin=C6-2
Added Pin To Net: NetName=3.3V Pin=C8-2
Added Pin To Net: NetName=3.3V Pin=C11-2
Added Pin To Net: NetName=3.3V Pin=C12-2
Added Pin To Net: NetName=3.3V Pin=CON6-4
Added Pin To Net: NetName=3.3V Pin=CON7-4
Added Pin To Net: NetName=3.3V Pin=CON8-2
Added Pin To Net: NetName=3.3V Pin=IC1-4
Added Pin To Net: NetName=3.3V Pin=IC2-4
Added Pin To Net: NetName=3.3V Pin=IC3-4
Added Pin To Net: NetName=3.3V Pin=L3-2
Added Pin To Net: NetName=3.3V Pin=R3-1
Added Pin To Net: NetName=3.3V Pin=R5-1
Added Pin To Net: NetName=3.3V Pin=R6-1
Added Pin To Net: NetName=3.3V Pin=R7-1
Added Pin To Net: NetName=3.3V Pin=R9-1
Added Pin To Net: NetName=3.3V Pin=R22-1
Added Pin To Net: NetName=3.3V Pin=R23-1
Added Pin To Net: NetName=3.3V Pin=R24-1
Added Pin To Net: NetName=3.3V Pin=R25-1
Added Pin To Net: NetName=3.3V Pin=R26-1
Added Pin To Net: NetName=3.3V Pin=R27-1
Added Pin To Net: NetName=3.3V Pin=R28-1
Added Pin To Net: NetName=3.3V Pin=R29-1
Added Pin To Net: NetName=3.3V Pin=R30-1
Added Pin To Net: NetName=3.3V Pin=R31-1
Added Pin To Net: NetName=3.3V Pin=R37-1
Added Pin To Net: NetName=3.3V Pin=R38-1
Added Pin To Net: NetName=3.3V Pin=R39-1
Added Pin To Net: NetName=3.3V Pin=R40-1
Added Pin To Net: NetName=3.3V Pin=R41-1
Added Pin To Net: NetName=3.3V Pin=R42-1
Added Pin To Net: NetName=3.3V Pin=R43-1
Added Pin To Net: NetName=3.3V Pin=R44-1
Added Pin To Net: NetName=3.3V Pin=R45-1
Added Pin To Net: NetName=3.3V Pin=R46-1
Added Pin To Net: NetName=3.3V Pin=R52-1
Added Pin To Net: NetName=3.3V Pin=R53-1
Added Pin To Net: NetName=3.3V Pin=R54-1
Added Pin To Net: NetName=3.3V Pin=R55-1
Added Pin To Net: NetName=3.3V Pin=R56-1
Added Pin To Net: NetName=3.3V Pin=R57-1
Added Pin To Net: NetName=3.3V Pin=R58-1
Added Pin To Net: NetName=3.3V Pin=R59-1
Added Pin To Net: NetName=3.3V Pin=R60-1
Added Pin To Net: NetName=3.3V Pin=R61-1
Added Pin To Net: NetName=3.3V Pin=R67-1
Added Pin To Net: NetName=3.3V Pin=R68-1
Added Pin To Net: NetName=3.3V Pin=R69-1
Added Pin To Net: NetName=3.3V Pin=R70-1
Added Pin To Net: NetName=3.3V Pin=R71-1
Added Pin To Net: NetName=3.3V Pin=R72-1
Added Pin To Net: NetName=3.3V Pin=R73-1
Added Pin To Net: NetName=3.3V Pin=R74-1
Added Pin To Net: NetName=3.3V Pin=R75-1
Added Pin To Net: NetName=3.3V Pin=R76-1
Added Pin To Net: NetName=3.3V Pin=U1-4
Added Pin To Net: NetName=3.3V Pin=U3-4
Added Net: Name=3.3V
Added Pin To Net: NetName=5V Pin=C15-2
Added Pin To Net: NetName=5V Pin=C16-2
Added Pin To Net: NetName=5V Pin=L4-2
Added Pin To Net: NetName=5V Pin=R14-1
Added Pin To Net: NetName=5V Pin=S2-A1
Added Pin To Net: NetName=5V Pin=S2-B1
Added Net: Name=5V
Added Pin To Net: NetName=11.1V Pin=C10-2
Added Pin To Net: NetName=11.1V Pin=C14-2
Added Pin To Net: NetName=11.1V Pin=C18-2
Added Pin To Net: NetName=11.1V Pin=C21-1
Added Pin To Net: NetName=11.1V Pin=C21-2
Added Pin To Net: NetName=11.1V Pin=C22-1
Added Pin To Net: NetName=11.1V Pin=C22-2
Added Pin To Net: NetName=11.1V Pin=C23-1
Added Pin To Net: NetName=11.1V Pin=C23-2
Added Pin To Net: NetName=11.1V Pin=IC1-5
Added Pin To Net: NetName=11.1V Pin=IC2-5
Added Pin To Net: NetName=11.1V Pin=IC3-5
Added Pin To Net: NetName=11.1V Pin=Q1-3
Added Pin To Net: NetName=11.1V Pin=Q2-3
Added Pin To Net: NetName=11.1V Pin=R1-2
Added Pin To Net: NetName=11.1V Pin=R8-2
Added Pin To Net: NetName=11.1V Pin=R11-2
Added Pin To Net: NetName=11.1V Pin=R12-2
Added Pin To Net: NetName=11.1V Pin=R16-2
Added Net: Name=11.1V
Added Pin To Net: NetName=ADC1 Pin=C24-1
Added Pin To Net: NetName=ADC1 Pin=R32-1
Added Pin To Net: NetName=ADC1 Pin=R82-1
Added Pin To Net: NetName=ADC1 Pin=U3-7
Added Net: Name=ADC1
Added Pin To Net: NetName=ADC2 Pin=C25-1
Added Pin To Net: NetName=ADC2 Pin=R33-1
Added Pin To Net: NetName=ADC2 Pin=R85-1
Added Pin To Net: NetName=ADC2 Pin=U3-8
Added Net: Name=ADC2
Added Pin To Net: NetName=ADC3 Pin=C26-1
Added Pin To Net: NetName=ADC3 Pin=R34-1
Added Pin To Net: NetName=ADC3 Pin=R88-1
Added Pin To Net: NetName=ADC3 Pin=U3-9
Added Net: Name=ADC3
Added Pin To Net: NetName=ADC4 Pin=C27-1
Added Pin To Net: NetName=ADC4 Pin=R35-1
Added Pin To Net: NetName=ADC4 Pin=R91-1
Added Pin To Net: NetName=ADC4 Pin=U3-10
Added Net: Name=ADC4
Added Pin To Net: NetName=ADC5 Pin=C28-1
Added Pin To Net: NetName=ADC5 Pin=R36-1
Added Pin To Net: NetName=ADC5 Pin=R94-1
Added Pin To Net: NetName=ADC5 Pin=U3-11
Added Net: Name=ADC5
Added Pin To Net: NetName=ADC6 Pin=C29-1
Added Pin To Net: NetName=ADC6 Pin=R47-1
Added Pin To Net: NetName=ADC6 Pin=R96-1
Added Pin To Net: NetName=ADC6 Pin=U3-12
Added Net: Name=ADC6
Added Pin To Net: NetName=ADC7 Pin=C30-1
Added Pin To Net: NetName=ADC7 Pin=R48-1
Added Pin To Net: NetName=ADC7 Pin=R99-1
Added Pin To Net: NetName=ADC7 Pin=U3-13
Added Net: Name=ADC7
Added Pin To Net: NetName=ADC8 Pin=C31-1
Added Pin To Net: NetName=ADC8 Pin=R49-1
Added Pin To Net: NetName=ADC8 Pin=R102-1
Added Pin To Net: NetName=ADC8 Pin=U3-14
Added Net: Name=ADC8
Added Pin To Net: NetName=ADC9 Pin=C32-1
Added Pin To Net: NetName=ADC9 Pin=R50-1
Added Pin To Net: NetName=ADC9 Pin=R105-1
Added Pin To Net: NetName=ADC9 Pin=U3-15
Added Net: Name=ADC9
Added Pin To Net: NetName=ADC10 Pin=C33-1
Added Pin To Net: NetName=ADC10 Pin=R51-1
Added Pin To Net: NetName=ADC10 Pin=R108-1
Added Pin To Net: NetName=ADC10 Pin=U3-16
Added Net: Name=ADC10
Added Pin To Net: NetName=ADC11 Pin=C34-1
Added Pin To Net: NetName=ADC11 Pin=R62-1
Added Pin To Net: NetName=ADC11 Pin=R83-1
Added Pin To Net: NetName=ADC11 Pin=U3-17
Added Net: Name=ADC11
Added Pin To Net: NetName=ADC12 Pin=C35-1
Added Pin To Net: NetName=ADC12 Pin=R63-1
Added Pin To Net: NetName=ADC12 Pin=R86-1
Added Pin To Net: NetName=ADC12 Pin=U1-7
Added Net: Name=ADC12
Added Pin To Net: NetName=ADC13 Pin=C36-1
Added Pin To Net: NetName=ADC13 Pin=R64-1
Added Pin To Net: NetName=ADC13 Pin=R89-1
Added Pin To Net: NetName=ADC13 Pin=U1-8
Added Net: Name=ADC13
Added Pin To Net: NetName=ADC14 Pin=C37-1
Added Pin To Net: NetName=ADC14 Pin=R65-1
Added Pin To Net: NetName=ADC14 Pin=R92-1
Added Pin To Net: NetName=ADC14 Pin=U1-9
Added Net: Name=ADC14
Added Pin To Net: NetName=ADC15 Pin=C38-1
Added Pin To Net: NetName=ADC15 Pin=R66-1
Added Pin To Net: NetName=ADC15 Pin=R95-1
Added Pin To Net: NetName=ADC15 Pin=U1-10
Added Net: Name=ADC15
Added Pin To Net: NetName=ADC16 Pin=C39-1
Added Pin To Net: NetName=ADC16 Pin=R77-1
Added Pin To Net: NetName=ADC16 Pin=R97-1
Added Pin To Net: NetName=ADC16 Pin=U1-11
Added Net: Name=ADC16
Added Pin To Net: NetName=ADC17 Pin=C40-1
Added Pin To Net: NetName=ADC17 Pin=R78-1
Added Pin To Net: NetName=ADC17 Pin=R100-1
Added Pin To Net: NetName=ADC17 Pin=U1-12
Added Net: Name=ADC17
Added Pin To Net: NetName=ADC18 Pin=C41-1
Added Pin To Net: NetName=ADC18 Pin=R79-1
Added Pin To Net: NetName=ADC18 Pin=R103-1
Added Pin To Net: NetName=ADC18 Pin=U1-13
Added Net: Name=ADC18
Added Pin To Net: NetName=ADC19 Pin=C42-1
Added Pin To Net: NetName=ADC19 Pin=R80-1
Added Pin To Net: NetName=ADC19 Pin=R106-1
Added Pin To Net: NetName=ADC19 Pin=U1-14
Added Net: Name=ADC19
Added Pin To Net: NetName=ADC20 Pin=C43-1
Added Pin To Net: NetName=ADC20 Pin=R81-1
Added Pin To Net: NetName=ADC20 Pin=R109-1
Added Pin To Net: NetName=ADC20 Pin=U1-15
Added Net: Name=ADC20
Added Net: Name=Anetenna
Added Pin To Net: NetName=Enkoder L1 Pin=CON6-3
Added Pin To Net: NetName=Enkoder L1 Pin=U1-22
Added Net: Name=Enkoder L1
Added Pin To Net: NetName=Enkoder L2 Pin=CON6-2
Added Pin To Net: NetName=Enkoder L2 Pin=U1-23
Added Net: Name=Enkoder L2
Added Pin To Net: NetName=Enkoder P1 Pin=CON7-3
Added Pin To Net: NetName=Enkoder P1 Pin=U1-2
Added Net: Name=Enkoder P1
Added Pin To Net: NetName=Enkoder P2 Pin=CON7-2
Added Pin To Net: NetName=Enkoder P2 Pin=U1-3
Added Net: Name=Enkoder P2
Added Pin To Net: NetName=GND Pin=0.1uF-1
Added Pin To Net: NetName=GND Pin=0.1uF-1
Added Pin To Net: NetName=GND Pin=0.1uF-1
Added Pin To Net: NetName=GND Pin=0.1uF-1
Added Pin To Net: NetName=GND Pin=0.1uF-1
Added Pin To Net: NetName=GND Pin=1uF-1
Added Pin To Net: NetName=GND Pin=10pF-2
Added Pin To Net: NetName=GND Pin=C1-1
Added Pin To Net: NetName=GND Pin=C2-1
Added Pin To Net: NetName=GND Pin=C3-1
Added Pin To Net: NetName=GND Pin=C4-1
Added Pin To Net: NetName=GND Pin=C5-1
Added Pin To Net: NetName=GND Pin=C6-1
Added Pin To Net: NetName=GND Pin=C7-1
Added Pin To Net: NetName=GND Pin=C8-1
Added Pin To Net: NetName=GND Pin=C10-1
Added Pin To Net: NetName=GND Pin=C11-1
Added Pin To Net: NetName=GND Pin=C12-1
Added Pin To Net: NetName=GND Pin=C14-1
Added Pin To Net: NetName=GND Pin=C15-1
Added Pin To Net: NetName=GND Pin=C16-1
Added Pin To Net: NetName=GND Pin=C18-1
Added Pin To Net: NetName=GND Pin=C19-1
Added Pin To Net: NetName=GND Pin=C20-1
Added Pin To Net: NetName=GND Pin=C24-2
Added Pin To Net: NetName=GND Pin=C25-2
Added Pin To Net: NetName=GND Pin=C26-2
Added Pin To Net: NetName=GND Pin=C27-2
Added Pin To Net: NetName=GND Pin=C28-2
Added Pin To Net: NetName=GND Pin=C29-2
Added Pin To Net: NetName=GND Pin=C30-2
Added Pin To Net: NetName=GND Pin=C31-2
Added Pin To Net: NetName=GND Pin=C32-2
Added Pin To Net: NetName=GND Pin=C33-2
Added Pin To Net: NetName=GND Pin=C34-2
Added Pin To Net: NetName=GND Pin=C35-2
Added Pin To Net: NetName=GND Pin=C36-2
Added Pin To Net: NetName=GND Pin=C37-2
Added Pin To Net: NetName=GND Pin=C38-2
Added Pin To Net: NetName=GND Pin=C39-2
Added Pin To Net: NetName=GND Pin=C40-2
Added Pin To Net: NetName=GND Pin=C41-2
Added Pin To Net: NetName=GND Pin=C42-2
Added Pin To Net: NetName=GND Pin=C43-2
Added Pin To Net: NetName=GND Pin=CON1-3
Added Pin To Net: NetName=GND Pin=CON3-3
Added Pin To Net: NetName=GND Pin=CON4-3
Added Pin To Net: NetName=GND Pin=CON6-1
Added Pin To Net: NetName=GND Pin=CON7-1
Added Pin To Net: NetName=GND Pin=CON8-3
Added Pin To Net: NetName=GND Pin=D1-2
Added Pin To Net: NetName=GND Pin=D2-2
Added Pin To Net: NetName=GND Pin=D3-2
Added Pin To Net: NetName=GND Pin=D4-2
Added Pin To Net: NetName=GND Pin=D5-2
Added Pin To Net: NetName=GND Pin=D6-2
Added Pin To Net: NetName=GND Pin=D7-2
Added Pin To Net: NetName=GND Pin=D8-2
Added Pin To Net: NetName=GND Pin=D9-2
Added Pin To Net: NetName=GND Pin=D10-2
Added Pin To Net: NetName=GND Pin=D11-2
Added Pin To Net: NetName=GND Pin=D12-2
Added Pin To Net: NetName=GND Pin=D13-2
Added Pin To Net: NetName=GND Pin=D14-2
Added Pin To Net: NetName=GND Pin=D15-2
Added Pin To Net: NetName=GND Pin=D16-2
Added Pin To Net: NetName=GND Pin=D17-2
Added Pin To Net: NetName=GND Pin=D18-2
Added Pin To Net: NetName=GND Pin=D19-2
Added Pin To Net: NetName=GND Pin=D20-2
Added Pin To Net: NetName=GND Pin=D21-2
Added Pin To Net: NetName=GND Pin=D22-2
Added Pin To Net: NetName=GND Pin=D23-2
Added Pin To Net: NetName=GND Pin=D24-2
Added Pin To Net: NetName=GND Pin=D25-2
Added Pin To Net: NetName=GND Pin=D26-2
Added Pin To Net: NetName=GND Pin=D27-2
Added Pin To Net: NetName=GND Pin=D28-2
Added Pin To Net: NetName=GND Pin=D29-2
Added Pin To Net: NetName=GND Pin=D30-2
Added Pin To Net: NetName=GND Pin=IC1-1
Added Pin To Net: NetName=GND Pin=IC1-9
Added Pin To Net: NetName=GND Pin=IC2-1
Added Pin To Net: NetName=GND Pin=IC2-9
Added Pin To Net: NetName=GND Pin=IC3-1
Added Pin To Net: NetName=GND Pin=IC3-9
Added Pin To Net: NetName=GND Pin=L1-1
Added Pin To Net: NetName=GND Pin=L1-2
Added Pin To Net: NetName=GND Pin=L2-1
Added Pin To Net: NetName=GND Pin=Q1-2
Added Pin To Net: NetName=GND Pin=R2-1
Added Pin To Net: NetName=GND Pin=R10-2
Added Pin To Net: NetName=GND Pin=R13-1
Added Pin To Net: NetName=GND Pin=R15-2
Added Pin To Net: NetName=GND Pin=R18-2
Added Pin To Net: NetName=GND Pin=R19-1
Added Pin To Net: NetName=GND Pin=R20-1
Added Pin To Net: NetName=GND Pin=R21-1
Added Pin To Net: NetName=GND Pin=S1-A2
Added Pin To Net: NetName=GND Pin=S1-B2
Added Pin To Net: NetName=GND Pin=U1-5
Added Pin To Net: NetName=GND Pin=U3-5
Added Net: Name=GND
Added Pin To Net: NetName=HFXT_M Pin=40MHz-2
Added Pin To Net: NetName=HFXT_M Pin=C4-2
Added Net: Name=HFXT_M
Added Pin To Net: NetName=HFXT_P Pin=R4-2
Added Net: Name=HFXT_P
Added Pin To Net: NetName=MSCL Pin=R5-2
Added Pin To Net: NetName=MSCL Pin=U3-32
Added Net: Name=MSCL
Added Pin To Net: NetName=MSDA Pin=R6-2
Added Pin To Net: NetName=MSDA Pin=U3-1
Added Net: Name=MSDA
Added Pin To Net: NetName=Net10pF_1 Pin=10pF-1
Added Pin To Net: NetName=Net10pF_1 Pin=L2-2
Added Net: Name=Net10pF_1
Added Pin To Net: NetName=Net40MHz_1 Pin=40MHz-1
Added Pin To Net: NetName=Net40MHz_1 Pin=C3-2
Added Pin To Net: NetName=Net40MHz_1 Pin=R4-1
Added Net: Name=Net40MHz_1
Added Pin To Net: NetName=Net*1_BOOT Pin=C9-1
Added Net: Name=Net*1_BOOT
Added Pin To Net: NetName=Net*1_EN Pin=R8-1
Added Net: Name=Net*1_EN
Added Pin To Net: NetName=Net*1_FB Pin=R9-2
Added Pin To Net: NetName=Net*1_FB Pin=R10-1
Added Net: Name=Net*1_FB
Added Pin To Net: NetName=Net*1_SW Pin=C9-2
Added Pin To Net: NetName=Net*1_SW Pin=L3-1
Added Net: Name=Net*1_SW
Added Pin To Net: NetName=Net*2_BOOT Pin=C13-1
Added Net: Name=Net*2_BOOT
Added Pin To Net: NetName=Net*2_EN Pin=R12-1
Added Net: Name=Net*2_EN
Added Pin To Net: NetName=Net*2_FB Pin=R14-2
Added Pin To Net: NetName=Net*2_FB Pin=R15-1
Added Net: Name=Net*2_FB
Added Pin To Net: NetName=Net*2_SW Pin=C13-2
Added Pin To Net: NetName=Net*2_SW Pin=L4-1
Added Net: Name=Net*2_SW
Added Pin To Net: NetName=Net*3_BOOT Pin=C17-1
Added Net: Name=Net*3_BOOT
Added Pin To Net: NetName=Net*3_EN Pin=R16-1
Added Net: Name=Net*3_EN
Added Pin To Net: NetName=Net*3_FB Pin=R17-2
Added Pin To Net: NetName=Net*3_FB Pin=R18-1
Added Net: Name=Net*3_FB
Added Pin To Net: NetName=Net*3_SW Pin=C17-2
Added Pin To Net: NetName=Net*3_SW Pin=L5-1
Added Net: Name=Net*3_SW
Added Pin To Net: NetName=Net*_M1A Pin=CON9-4
Added Net: Name=Net*_M1A
Added Pin To Net: NetName=Net*_M1B Pin=CON9-2
Added Net: Name=Net*_M1B
Added Pin To Net: NetName=Net*_M2A Pin=CON9-3
Added Net: Name=Net*_M2A
Added Pin To Net: NetName=Net*_M2B Pin=CON9-1
Added Net: Name=Net*_M2B
Added Pin To Net: NetName=NetAC1_12 Pin=CON2-1
Added Net: Name=NetAC1_12
Added Pin To Net: NetName=NetAC1_13 Pin=CON2-3
Added Net: Name=NetAC1_13
Added Pin To Net: NetName=NetAC1_14 Pin=CON2-2
Added Net: Name=NetAC1_14
Added Pin To Net: NetName=NetCON4_2 Pin=CON4-2
Added Pin To Net: NetName=NetCON4_2 Pin=Q2-2
Added Net: Name=NetCON4_2
Added Pin To Net: NetName=NetCON5_1 Pin=CON5-1
Added Pin To Net: NetName=NetCON5_1 Pin=IC2-8
Added Net: Name=NetCON5_1
Added Pin To Net: NetName=NetCON5_3 Pin=CON5-3
Added Pin To Net: NetName=NetCON5_3 Pin=IC2-6
Added Net: Name=NetCON5_3
Added Pin To Net: NetName=NetCON6_5 Pin=CON6-5
Added Pin To Net: NetName=NetCON6_5 Pin=IC1-6
Added Net: Name=NetCON6_5
Added Pin To Net: NetName=NetCON6_6 Pin=CON6-6
Added Pin To Net: NetName=NetCON6_6 Pin=IC1-8
Added Net: Name=NetCON6_6
Added Pin To Net: NetName=NetCON7_5 Pin=CON7-5
Added Pin To Net: NetName=NetCON7_5 Pin=IC3-6
Added Net: Name=NetCON7_5
Added Pin To Net: NetName=NetCON7_6 Pin=CON7-6
Added Pin To Net: NetName=NetCON7_6 Pin=IC3-8
Added Net: Name=NetCON7_6
Added Pin To Net: NetName=NetD1_1 Pin=D1-1
Added Pin To Net: NetName=NetD1_1 Pin=R82-2
Added Net: Name=NetD1_1
Added Pin To Net: NetName=NetD2_1 Pin=D2-1
Added Pin To Net: NetName=NetD2_1 Pin=R83-2
Added Net: Name=NetD2_1
Added Pin To Net: NetName=NetD3_1 Pin=D3-1
Added Pin To Net: NetName=NetD3_1 Pin=R84-2
Added Net: Name=NetD3_1
Added Pin To Net: NetName=NetD4_1 Pin=D4-1
Added Pin To Net: NetName=NetD4_1 Pin=R85-2
Added Net: Name=NetD4_1
Added Pin To Net: NetName=NetD5_1 Pin=D5-1
Added Pin To Net: NetName=NetD5_1 Pin=R86-2
Added Net: Name=NetD5_1
Added Pin To Net: NetName=NetD6_1 Pin=D6-1
Added Pin To Net: NetName=NetD6_1 Pin=R87-2
Added Net: Name=NetD6_1
Added Pin To Net: NetName=NetD7_1 Pin=D7-1
Added Pin To Net: NetName=NetD7_1 Pin=R88-2
Added Net: Name=NetD7_1
Added Pin To Net: NetName=NetD8_1 Pin=D8-1
Added Pin To Net: NetName=NetD8_1 Pin=R89-2
Added Net: Name=NetD8_1
Added Pin To Net: NetName=NetD9_1 Pin=D9-1
Added Pin To Net: NetName=NetD9_1 Pin=R90-2
Added Net: Name=NetD9_1
Added Pin To Net: NetName=NetD10_1 Pin=D10-1
Added Pin To Net: NetName=NetD10_1 Pin=R91-2
Added Net: Name=NetD10_1
Added Pin To Net: NetName=NetD11_1 Pin=D11-1
Added Pin To Net: NetName=NetD11_1 Pin=R92-2
Added Net: Name=NetD11_1
Added Pin To Net: NetName=NetD12_1 Pin=D12-1
Added Pin To Net: NetName=NetD12_1 Pin=R93-2
Added Net: Name=NetD12_1
Added Pin To Net: NetName=NetD13_1 Pin=D13-1
Added Pin To Net: NetName=NetD13_1 Pin=R94-2
Added Net: Name=NetD13_1
Added Pin To Net: NetName=NetD14_1 Pin=D14-1
Added Pin To Net: NetName=NetD14_1 Pin=R95-2
Added Net: Name=NetD14_1
Added Pin To Net: NetName=NetD15_1 Pin=D15-1
Added Pin To Net: NetName=NetD15_1 Pin=R96-2
Added Net: Name=NetD15_1
Added Pin To Net: NetName=NetD16_1 Pin=D16-1
Added Pin To Net: NetName=NetD16_1 Pin=R97-2
Added Net: Name=NetD16_1
Added Pin To Net: NetName=NetD17_1 Pin=D17-1
Added Pin To Net: NetName=NetD17_1 Pin=R98-2
Added Net: Name=NetD17_1
Added Pin To Net: NetName=NetD18_1 Pin=D18-1
Added Pin To Net: NetName=NetD18_1 Pin=R99-2
Added Net: Name=NetD18_1
Added Pin To Net: NetName=NetD19_1 Pin=D19-1
Added Pin To Net: NetName=NetD19_1 Pin=R100-2
Added Net: Name=NetD19_1
Added Pin To Net: NetName=NetD20_1 Pin=D20-1
Added Pin To Net: NetName=NetD20_1 Pin=R101-2
Added Net: Name=NetD20_1
Added Pin To Net: NetName=NetD21_1 Pin=D21-1
Added Pin To Net: NetName=NetD21_1 Pin=R102-2
Added Net: Name=NetD21_1
Added Pin To Net: NetName=NetD22_1 Pin=D22-1
Added Pin To Net: NetName=NetD22_1 Pin=R103-2
Added Net: Name=NetD22_1
Added Pin To Net: NetName=NetD23_1 Pin=D23-1
Added Pin To Net: NetName=NetD23_1 Pin=R104-2
Added Net: Name=NetD23_1
Added Pin To Net: NetName=NetD24_1 Pin=D24-1
Added Pin To Net: NetName=NetD24_1 Pin=R105-2
Added Net: Name=NetD24_1
Added Pin To Net: NetName=NetD25_1 Pin=D25-1
Added Pin To Net: NetName=NetD25_1 Pin=R106-2
Added Net: Name=NetD25_1
Added Pin To Net: NetName=NetD26_1 Pin=D26-1
Added Pin To Net: NetName=NetD26_1 Pin=R107-2
Added Net: Name=NetD26_1
Added Pin To Net: NetName=NetD27_1 Pin=D27-1
Added Pin To Net: NetName=NetD27_1 Pin=R108-2
Added Net: Name=NetD27_1
Added Pin To Net: NetName=NetD28_1 Pin=D28-1
Added Pin To Net: NetName=NetD28_1 Pin=R109-2
Added Net: Name=NetD28_1
Added Pin To Net: NetName=NetD29_1 Pin=D29-1
Added Pin To Net: NetName=NetD29_1 Pin=R110-2
Added Net: Name=NetD29_1
Added Pin To Net: NetName=NetD30_1 Pin=D30-1
Added Pin To Net: NetName=NetD30_1 Pin=R111-2
Added Net: Name=NetD30_1
Added Pin To Net: NetName=NetIC1_7 Pin=IC1-7
Added Pin To Net: NetName=NetIC1_7 Pin=R19-2
Added Net: Name=NetIC1_7
Added Pin To Net: NetName=NetIC2_7 Pin=IC2-7
Added Pin To Net: NetName=NetIC2_7 Pin=R20-2
Added Net: Name=NetIC2_7
Added Pin To Net: NetName=NetIC3_7 Pin=IC3-7
Added Pin To Net: NetName=NetIC3_7 Pin=R21-2
Added Net: Name=NetIC3_7
Added Pin To Net: NetName=NetIC4_1 Pin=R27-2
Added Net: Name=NetIC4_1
Added Pin To Net: NetName=NetIC4_3 Pin=R22-2
Added Pin To Net: NetName=NetIC4_3 Pin=R32-2
Added Net: Name=NetIC4_3
Added Pin To Net: NetName=NetIC5_1 Pin=R28-2
Added Net: Name=NetIC5_1
Added Pin To Net: NetName=NetIC5_3 Pin=R23-2
Added Pin To Net: NetName=NetIC5_3 Pin=R33-2
Added Net: Name=NetIC5_3
Added Pin To Net: NetName=NetIC6_1 Pin=R29-2
Added Net: Name=NetIC6_1
Added Pin To Net: NetName=NetIC6_3 Pin=R24-2
Added Pin To Net: NetName=NetIC6_3 Pin=R34-2
Added Net: Name=NetIC6_3
Added Pin To Net: NetName=NetIC7_1 Pin=R30-2
Added Net: Name=NetIC7_1
Added Pin To Net: NetName=NetIC7_3 Pin=R25-2
Added Pin To Net: NetName=NetIC7_3 Pin=R35-2
Added Net: Name=NetIC7_3
Added Pin To Net: NetName=NetIC8_1 Pin=R31-2
Added Net: Name=NetIC8_1
Added Pin To Net: NetName=NetIC8_3 Pin=R26-2
Added Pin To Net: NetName=NetIC8_3 Pin=R36-2
Added Net: Name=NetIC8_3
Added Pin To Net: NetName=NetIC9_1 Pin=R42-2
Added Net: Name=NetIC9_1
Added Pin To Net: NetName=NetIC9_3 Pin=R37-2
Added Pin To Net: NetName=NetIC9_3 Pin=R47-2
Added Net: Name=NetIC9_3
Added Pin To Net: NetName=NetIC10_1 Pin=R43-2
Added Net: Name=NetIC10_1
Added Pin To Net: NetName=NetIC10_3 Pin=R38-2
Added Pin To Net: NetName=NetIC10_3 Pin=R48-2
Added Net: Name=NetIC10_3
Added Pin To Net: NetName=NetIC11_1 Pin=R44-2
Added Net: Name=NetIC11_1
Added Pin To Net: NetName=NetIC11_3 Pin=R39-2
Added Pin To Net: NetName=NetIC11_3 Pin=R49-2
Added Net: Name=NetIC11_3
Added Pin To Net: NetName=NetIC12_1 Pin=R45-2
Added Net: Name=NetIC12_1
Added Pin To Net: NetName=NetIC12_3 Pin=R40-2
Added Pin To Net: NetName=NetIC12_3 Pin=R50-2
Added Net: Name=NetIC12_3
Added Pin To Net: NetName=NetIC13_1 Pin=R46-2
Added Net: Name=NetIC13_1
Added Pin To Net: NetName=NetIC13_3 Pin=R41-2
Added Pin To Net: NetName=NetIC13_3 Pin=R51-2
Added Net: Name=NetIC13_3
Added Pin To Net: NetName=NetIC14_1 Pin=R57-2
Added Net: Name=NetIC14_1
Added Pin To Net: NetName=NetIC14_3 Pin=R52-2
Added Pin To Net: NetName=NetIC14_3 Pin=R62-2
Added Net: Name=NetIC14_3
Added Pin To Net: NetName=NetIC15_1 Pin=R58-2
Added Net: Name=NetIC15_1
Added Pin To Net: NetName=NetIC15_3 Pin=R53-2
Added Pin To Net: NetName=NetIC15_3 Pin=R63-2
Added Net: Name=NetIC15_3
Added Pin To Net: NetName=NetIC16_1 Pin=R59-2
Added Net: Name=NetIC16_1
Added Pin To Net: NetName=NetIC16_3 Pin=R54-2
Added Pin To Net: NetName=NetIC16_3 Pin=R64-2
Added Net: Name=NetIC16_3
Added Pin To Net: NetName=NetIC17_1 Pin=R60-2
Added Net: Name=NetIC17_1
Added Pin To Net: NetName=NetIC17_3 Pin=R55-2
Added Pin To Net: NetName=NetIC17_3 Pin=R65-2
Added Net: Name=NetIC17_3
Added Pin To Net: NetName=NetIC18_1 Pin=R61-2
Added Net: Name=NetIC18_1
Added Pin To Net: NetName=NetIC18_3 Pin=R56-2
Added Pin To Net: NetName=NetIC18_3 Pin=R66-2
Added Net: Name=NetIC18_3
Added Pin To Net: NetName=NetIC19_1 Pin=R72-2
Added Net: Name=NetIC19_1
Added Pin To Net: NetName=NetIC19_3 Pin=R67-2
Added Pin To Net: NetName=NetIC19_3 Pin=R77-2
Added Net: Name=NetIC19_3
Added Pin To Net: NetName=NetIC20_1 Pin=R73-2
Added Net: Name=NetIC20_1
Added Pin To Net: NetName=NetIC20_3 Pin=R68-2
Added Pin To Net: NetName=NetIC20_3 Pin=R78-2
Added Net: Name=NetIC20_3
Added Pin To Net: NetName=NetIC21_1 Pin=R74-2
Added Net: Name=NetIC21_1
Added Pin To Net: NetName=NetIC21_3 Pin=R69-2
Added Pin To Net: NetName=NetIC21_3 Pin=R79-2
Added Net: Name=NetIC21_3
Added Pin To Net: NetName=NetIC22_1 Pin=R75-2
Added Net: Name=NetIC22_1
Added Pin To Net: NetName=NetIC22_3 Pin=R70-2
Added Pin To Net: NetName=NetIC22_3 Pin=R80-2
Added Net: Name=NetIC22_3
Added Pin To Net: NetName=NetIC23_1 Pin=R76-2
Added Net: Name=NetIC23_1
Added Pin To Net: NetName=NetIC23_3 Pin=R71-2
Added Pin To Net: NetName=NetIC23_3 Pin=R81-2
Added Net: Name=NetIC23_3
Added Pin To Net: NetName=NetQ1_1 Pin=Q1-1
Added Pin To Net: NetName=NetQ1_1 Pin=R11-1
Added Pin To Net: NetName=NetQ1_1 Pin=S1-A1
Added Pin To Net: NetName=NetQ1_1 Pin=S1-B1
Added Net: Name=NetQ1_1
Added Pin To Net: NetName=NetQ2_1 Pin=Q2-1
Added Pin To Net: NetName=NetQ2_1 Pin=R13-2
Added Net: Name=NetQ2_1
Added Pin To Net: NetName=NetR84_1 Pin=R84-1
Added Pin To Net: NetName=NetR84_1 Pin=R87-1
Added Pin To Net: NetName=NetR84_1 Pin=R90-1
Added Pin To Net: NetName=NetR84_1 Pin=R93-1
Added Pin To Net: NetName=NetR84_1 Pin=R98-1
Added Pin To Net: NetName=NetR84_1 Pin=R101-1
Added Pin To Net: NetName=NetR84_1 Pin=R104-1
Added Pin To Net: NetName=NetR84_1 Pin=R107-1
Added Pin To Net: NetName=NetR84_1 Pin=R110-1
Added Pin To Net: NetName=NetR84_1 Pin=R111-1
Added Pin To Net: NetName=NetR84_1 Pin=S2-A2
Added Pin To Net: NetName=NetR84_1 Pin=S2-B2
Added Net: Name=NetR84_1
Added Pin To Net: NetName=P4 Pin=R1-1
Added Pin To Net: NetName=P4 Pin=R2-2
Added Pin To Net: NetName=P4 Pin=U1-16
Added Net: Name=P4
Added Pin To Net: NetName=PA8 Pin=IC1-2
Added Pin To Net: NetName=PA8 Pin=U3-18
Added Net: Name=PA8
Added Pin To Net: NetName=PA9 Pin=IC1-3
Added Pin To Net: NetName=PA9 Pin=U3-19
Added Net: Name=PA9
Added Pin To Net: NetName=PA10 Pin=IC2-2
Added Pin To Net: NetName=PA10 Pin=U3-21
Added Net: Name=PA10
Added Pin To Net: NetName=PA11 Pin=IC2-3
Added Pin To Net: NetName=PA11 Pin=U3-22
Added Net: Name=PA11
Added Pin To Net: NetName=PA12 Pin=U3-23
Added Net: Name=PA12
Added Pin To Net: NetName=PA15 Pin=CON8-1
Added Pin To Net: NetName=PA15 Pin=U3-26
Added Net: Name=PA15
Added Pin To Net: NetName=PB4 Pin=IC3-2
Added Pin To Net: NetName=PB4 Pin=U3-28
Added Net: Name=PB4
Added Pin To Net: NetName=PB5 Pin=IC3-3
Added Pin To Net: NetName=PB5 Pin=U3-29
Added Net: Name=PB5
Added Pin To Net: NetName=PC14 Pin=U3-2
Added Net: Name=PC14
Added Pin To Net: NetName=PC15 Pin=U3-3
Added Net: Name=PC15
Added Pin To Net: NetName=RESET1 Pin=C7-2
Added Pin To Net: NetName=RESET1 Pin=CON3-1
Added Pin To Net: NetName=RESET1 Pin=R7-2
Added Pin To Net: NetName=RESET1 Pin=U3-6
Added Net: Name=RESET1
Added Pin To Net: NetName=RESET_CONTROL Pin=U1-18
Added Net: Name=RESET_CONTROL
Added Pin To Net: NetName=RESET Pin=C1-2
Added Pin To Net: NetName=RESET Pin=CON1-1
Added Pin To Net: NetName=RESET Pin=R3-2
Added Pin To Net: NetName=RESET Pin=U1-6
Added Net: Name=RESET
Added Pin To Net: NetName=SPI_MISO Pin=U1-28
Added Net: Name=SPI_MISO
Added Pin To Net: NetName=SPI_MOSI Pin=U1-29
Added Net: Name=SPI_MOSI
Added Pin To Net: NetName=SPI_NSS Pin=U1-26
Added Net: Name=SPI_NSS
Added Pin To Net: NetName=SPI_SCK Pin=U1-27
Added Net: Name=SPI_SCK
Added Pin To Net: NetName=SWCLK Pin=CON1-4
Added Pin To Net: NetName=SWCLK Pin=CON3-4
Added Pin To Net: NetName=SWCLK Pin=U1-25
Added Pin To Net: NetName=SWCLK Pin=U3-25
Added Net: Name=SWCLK
Added Pin To Net: NetName=SWDIO Pin=CON1-2
Added Pin To Net: NetName=SWDIO Pin=CON3-2
Added Pin To Net: NetName=SWDIO Pin=U1-24
Added Pin To Net: NetName=SWDIO Pin=U3-24
Added Net: Name=SWDIO
Added Pin To Net: NetName=UART RX Pin=U1-31
Added Pin To Net: NetName=UART RX Pin=U3-30
Added Net: Name=UART RX
Added Pin To Net: NetName=UART TX Pin=U1-30
Added Pin To Net: NetName=UART TX Pin=U3-31
Added Net: Name=UART TX
Added Class: Name=KTIR-FRONT
Added Class: Name=Ledy
Added Class: Name=silniki
Added Class: Name=STM+WirelessModule
Added Class: Name=STM-LF
Added Class: Name=zasilanie
