Add Component: Footprint Not Found LGA-14_1
Add Component: Footprint Not Found CAPPRD500W60D1025H1750
Add Component: Footprint Not Found CAPPRD500W60D1025H1750
Add Component: Footprint Not Found CAPPRD500W60D1025H1750
Add Component: Footprint Not Found CAPPRD500W60D1025H1750
Add Component: Footprint Not Found CAPPRD500W60D1025H1750
Add Component: Footprint Not Found SON50P200X200X80-9N-D
Added Component: Designator=U2(WQFN_JARSBR_TEX-M)
Add component (AddParameter): Name = "Mfr_Name"; Value = "Texas Instruments"; VariantName = "[No Variations]"
Add component (AddParameter): Name = "RefDes"; Value = "RefDes"; VariantName = "[No Variations]"
Add component (AddParameter): Name = "Type"; Value = "RF Transceiver ICs"; VariantName = "[No Variations]"
Add Component: Footprint Not Found MCSJK7U1600123080B30
Add Pin To Net: Unknown Pin: Pin *1-BOOT
Add Pin To Net: Unknown Pin: Pin *1-EN
Add Pin To Net: Unknown Pin: Pin *1-FB
Add Pin To Net: Unknown Pin: Pin *1-GND
Add Pin To Net: Unknown Pin: Pin *1-SW
Add Pin To Net: Unknown Pin: Pin *1-VIN
Add Pin To Net: Unknown Pin: Pin *2-BOOT
Add Pin To Net: Unknown Pin: Pin *2-EN
Add Pin To Net: Unknown Pin: Pin *2-FB
Add Pin To Net: Unknown Pin: Pin *2-GND
Add Pin To Net: Unknown Pin: Pin *2-SW
Add Pin To Net: Unknown Pin: Pin *2-VIN
Add Pin To Net: Unknown Pin: Pin *3-BOOT
Add Pin To Net: Unknown Pin: Pin *3-EN
Add Pin To Net: Unknown Pin: Pin *3-FB
Add Pin To Net: Unknown Pin: Pin *3-GND
Add Pin To Net: Unknown Pin: Pin *3-SW
Add Pin To Net: Unknown Pin: Pin *3-VIN
Add Pin To Net: Unknown Pin: Pin *-DIR
Add Pin To Net: Unknown Pin: Pin *-EN
Add Pin To Net: Unknown Pin: Pin *-GND
Add Pin To Net: Unknown Pin: Pin *-M1A
Add Pin To Net: Unknown Pin: Pin *-M1B
Add Pin To Net: Unknown Pin: Pin *-M2A
Add Pin To Net: Unknown Pin: Pin *-M2B
Add Pin To Net: Unknown Pin: Pin *-STEP
Add Pin To Net: Unknown Pin: Pin *-VIO
Add Pin To Net: Unknown Pin: Pin *-VM
Add Pin To Net: Unknown Pin: Pin AC1-2
Add Pin To Net: Unknown Pin: Pin AC1-3
Add Pin To Net: Unknown Pin: Pin AC1-5
Add Pin To Net: Unknown Pin: Pin AC1-6
Add Pin To Net: Unknown Pin: Pin AC1-7
Add Pin To Net: Unknown Pin: Pin AC1-8
Add Pin To Net: Unknown Pin: Pin AC1-12
Add Pin To Net: Unknown Pin: Pin AC1-13
Add Pin To Net: Unknown Pin: Pin AC1-14
Add Pin To Net: Unknown Pin: Pin C50-1
Add Pin To Net: Unknown Pin: Pin C50-2
Add Pin To Net: Unknown Pin: Pin C51-1
Add Pin To Net: Unknown Pin: Pin C51-2
Add Pin To Net: Unknown Pin: Pin C52-1
Add Pin To Net: Unknown Pin: Pin C52-2
Add Pin To Net: Unknown Pin: Pin C53-1
Add Pin To Net: Unknown Pin: Pin C53-2
Add Pin To Net: Unknown Pin: Pin C54-1
Add Pin To Net: Unknown Pin: Pin C54-2
Added Pin To Net: NetName=Anetenna Pin=U2-2
Added Pin To Net: NetName=GND Pin=U2-3
Added Pin To Net: NetName=1.8V Pin=U2-4
Added Pin To Net: NetName=1.8V Pin=U2-5
Added Pin To Net: NetName=HFXT_P Pin=U2-6
Added Pin To Net: NetName=HFXT_M Pin=U2-7
Added Pin To Net: NetName=GND Pin=U2-16
Added Pin To Net: NetName=1.8V Pin=U2-17
Added Pin To Net: NetName=SPI_MOSI Pin=U2-18
Added Pin To Net: NetName=SPI_SCK Pin=U2-19
Added Pin To Net: NetName=GND Pin=U2-20
Added Pin To Net: NetName=SPI_NSS Pin=U2-21
Added Pin To Net: NetName=SPI_MISO Pin=U2-24
Added Pin To Net: NetName=GND Pin=U2-25
Added Pin To Net: NetName=1.8V Pin=U2-32
Added Pin To Net: NetName=RESET_CONTROL Pin=U2-33
Added Pin To Net: NetName=1.8V Pin=U2-35
Added Pin To Net: NetName=3.3V Pin=U2-39
Added Pin To Net: NetName=3.3V Pin=U2-40
Add Pin To Net: Unknown Pin: Pin Y1-1
Add Pin To Net: Unknown Pin: Pin Y1-2
Add Pin To Net: Unknown Pin: Pin Y1-3
Add Pin To Net: Unknown Pin: Pin Y1-4
Add Class Member: Failed to add class member : Component *1 RT7251
Add Class Member: Failed to add class member : Component *2 RT7251
Add Class Member: Failed to add class member : Component *3 RT7251
Add Class Member: Failed to add class member : Component * TMC2208 Module
Add Class Member: Failed to add class member : Component AC1 LSM6DSOXTR
Add Class Member: Failed to add class member : Component C50 0.1uF
Add Class Member: Failed to add class member : Component C51 0.1uF
Add Class Member: Failed to add class member : Component C52 0.1uF
Add Class Member: Failed to add class member : Component C53 150uF
Add Class Member: Failed to add class member : Component C54 150uF
Add Class Member: Failed to add class member : Component IC24 RT7251AZQW
Added Member To Class: ClassName=STM+WirelessModule Member=Component U2 CC3301ENJARSBR
Add Class Member: Failed to add class member : Component Y1 40MHz
