Removed Pin From Net: NetName=Enkoder P1 Pin=U1-2
Removed Pin From Net: NetName=Enkoder P2 Pin=U1-3
Removed Pin From Net: NetName=3.3V Pin=U1-4
Removed Pin From Net: NetName=GND Pin=U1-5
Removed Pin From Net: NetName=RESET Pin=U1-6
Removed Pin From Net: NetName=ADC12 Pin=U1-7
Removed Pin From Net: NetName=ADC13 Pin=U1-8
Removed Pin From Net: NetName=ADC14 Pin=U1-9
Removed Pin From Net: NetName=ADC15 Pin=U1-10
Removed Pin From Net: NetName=ADC16 Pin=U1-11
Removed Pin From Net: NetName=ADC17 Pin=U1-12
Removed Pin From Net: NetName=ADC18 Pin=U1-13
Removed Pin From Net: NetName=ADC19 Pin=U1-14
Removed Pin From Net: NetName=ADC20 Pin=U1-15
Removed Pin From Net: NetName=P4 Pin=U1-16
Removed Pin From Net: NetName=RESET_CONTROL Pin=U1-18
Removed Pin From Net: NetName=Enkoder L1 Pin=U1-22
Removed Pin From Net: NetName=Enkoder L2 Pin=U1-23
Removed Pin From Net: NetName=SWDIO Pin=U1-24
Removed Pin From Net: NetName=SWCLK Pin=U1-25
Removed Pin From Net: NetName=SPI_NSS Pin=U1-26
Removed Pin From Net: NetName=SPI_SCK Pin=U1-27
Removed Pin From Net: NetName=SPI_MISO Pin=U1-28
Removed Pin From Net: NetName=SPI_MOSI Pin=U1-29
Removed Pin From Net: NetName=UART TX Pin=U1-30
Removed Pin From Net: NetName=UART RX Pin=U1-31
Removed Member From Class: ClassName=STM+WirelessModule Member=U1
Add Component: Footprint Not Found CAPPRD500W60D1025H1750
Add Component: Footprint Not Found CAPPRD500W60D1025H1750
Add Component: Footprint Not Found CAPPRD500W60D1025H1750
Add Component: Footprint Not Found CAPPRD500W60D1025H1750
Add Component: Footprint Not Found CAPPRD500W60D1025H1750
Add Component: Footprint Not Found LGA-14_1
Add Component: Footprint Not Found M830520
Add Component: Footprint Not Found DEA162450BT1295A1
Add Component: Footprint Not Found KTIR0711S
Add Component: Footprint Not Found KTIR0711S
Add Component: Footprint Not Found KTIR0711S
Add Component: Footprint Not Found KTIR0711S
Add Component: Footprint Not Found KTIR0711S
Add Component: Footprint Not Found KTIR0711S
Add Component: Footprint Not Found KTIR0711S
Add Component: Footprint Not Found KTIR0711S
Add Component: Footprint Not Found KTIR0711S
Add Component: Footprint Not Found KTIR0711S
Add Component: Footprint Not Found KTIR0711S
Add Component: Footprint Not Found KTIR0711S
Add Component: Footprint Not Found KTIR0711S
Add Component: Footprint Not Found KTIR0711S
Add Component: Footprint Not Found KTIR0711S
Add Component: Footprint Not Found KTIR0711S
Add Component: Footprint Not Found KTIR0711S
Add Component: Footprint Not Found KTIR0711S
Add Component: Footprint Not Found KTIR0711S
Add Component: Footprint Not Found KTIR0711S
Add Component: Footprint Not Found WQFN_JARSBR_TEX
Added Component: Designator=U?(UFQFPN-32)
Add component (AddParameter): Name = "Copyright"; Value = "Copyright (C) 2024 Ultra Librarian. All rights reserved."; VariantName = "[No Variations]"
Add component (AddParameter): Name = "Manufacturer_Part_Number"; Value = "STM32G071K8U6"; VariantName = "[No Variations]"
Add component (AddParameter): Name = "Mfr_Name"; Value = "STMicroelectronics"; VariantName = "[No Variations]"
Add component (AddParameter): Name = "RefDes"; Value = "RefDes"; VariantName = "[No Variations]"
Add component (AddParameter): Name = "Type"; Value = "DEV"; VariantName = "[No Variations]"
Add Pin To Net: Unknown Pin: Pin *1-BOOT
Add Pin To Net: Unknown Pin: Pin *1-EN
Add Pin To Net: Unknown Pin: Pin *1-FB
Add Pin To Net: Unknown Pin: Pin *1-GND
Add Pin To Net: Unknown Pin: Pin *1-SW
Add Pin To Net: Unknown Pin: Pin *1-VIN
Add Pin To Net: Unknown Pin: Pin *2-BOOT
Add Pin To Net: Unknown Pin: Pin *2-EN
Add Pin To Net: Unknown Pin: Pin *2-FB
Add Pin To Net: Unknown Pin: Pin *2-GND
Add Pin To Net: Unknown Pin: Pin *2-SW
Add Pin To Net: Unknown Pin: Pin *2-VIN
Add Pin To Net: Unknown Pin: Pin *3-BOOT
Add Pin To Net: Unknown Pin: Pin *3-EN
Add Pin To Net: Unknown Pin: Pin *3-FB
Add Pin To Net: Unknown Pin: Pin *3-GND
Add Pin To Net: Unknown Pin: Pin *3-SW
Add Pin To Net: Unknown Pin: Pin *3-VIN
Add Pin To Net: Unknown Pin: Pin *-DIR
Add Pin To Net: Unknown Pin: Pin *-EN
Add Pin To Net: Unknown Pin: Pin *-GND
Add Pin To Net: Unknown Pin: Pin *-M1A
Add Pin To Net: Unknown Pin: Pin *-M1B
Add Pin To Net: Unknown Pin: Pin *-M2A
Add Pin To Net: Unknown Pin: Pin *-M2B
Add Pin To Net: Unknown Pin: Pin *-STEP
Add Pin To Net: Unknown Pin: Pin *-VIO
Add Pin To Net: Unknown Pin: Pin *-VM
Add Pin To Net: Unknown Pin: Pin 0,1µF-1
Add Pin To Net: Unknown Pin: Pin 0,1µF-1
Add Pin To Net: Unknown Pin: Pin 0,1µF-1
Add Pin To Net: Unknown Pin: Pin 0,1µF-2
Add Pin To Net: Unknown Pin: Pin 0,1µF-2
Add Pin To Net: Unknown Pin: Pin 0,1µF-2
Add Pin To Net: Unknown Pin: Pin 150uF-1
Add Pin To Net: Unknown Pin: Pin 150uF-1
Add Pin To Net: Unknown Pin: Pin 150uF-2
Add Pin To Net: Unknown Pin: Pin 150uF-2
Add Pin To Net: Unknown Pin: Pin AC1-2
Add Pin To Net: Unknown Pin: Pin AC1-3
Add Pin To Net: Unknown Pin: Pin AC1-5
Add Pin To Net: Unknown Pin: Pin AC1-6
Add Pin To Net: Unknown Pin: Pin AC1-7
Add Pin To Net: Unknown Pin: Pin AC1-8
Add Pin To Net: Unknown Pin: Pin AC1-12
Add Pin To Net: Unknown Pin: Pin AC1-13
Add Pin To Net: Unknown Pin: Pin AC1-14
Add Pin To Net: Unknown Pin: Pin ANT1-1
Add Pin To Net: Unknown Pin: Pin ANT1-2
Add Pin To Net: Unknown Pin: Pin FL1-1
Add Pin To Net: Unknown Pin: Pin FL1-2
Add Pin To Net: Unknown Pin: Pin FL1-3
Add Pin To Net: Unknown Pin: Pin FL1-4
Add Pin To Net: Unknown Pin: Pin IC4-1
Add Pin To Net: Unknown Pin: Pin IC4-2
Add Pin To Net: Unknown Pin: Pin IC4-3
Add Pin To Net: Unknown Pin: Pin IC4-4
Add Pin To Net: Unknown Pin: Pin IC5-1
Add Pin To Net: Unknown Pin: Pin IC5-2
Add Pin To Net: Unknown Pin: Pin IC5-3
Add Pin To Net: Unknown Pin: Pin IC5-4
Add Pin To Net: Unknown Pin: Pin IC6-1
Add Pin To Net: Unknown Pin: Pin IC6-2
Add Pin To Net: Unknown Pin: Pin IC6-3
Add Pin To Net: Unknown Pin: Pin IC6-4
Add Pin To Net: Unknown Pin: Pin IC7-1
Add Pin To Net: Unknown Pin: Pin IC7-2
Add Pin To Net: Unknown Pin: Pin IC7-3
Add Pin To Net: Unknown Pin: Pin IC7-4
Add Pin To Net: Unknown Pin: Pin IC8-1
Add Pin To Net: Unknown Pin: Pin IC8-2
Add Pin To Net: Unknown Pin: Pin IC8-3
Add Pin To Net: Unknown Pin: Pin IC8-4
Add Pin To Net: Unknown Pin: Pin IC9-1
Add Pin To Net: Unknown Pin: Pin IC9-2
Add Pin To Net: Unknown Pin: Pin IC9-3
Add Pin To Net: Unknown Pin: Pin IC9-4
Add Pin To Net: Unknown Pin: Pin IC10-1
Add Pin To Net: Unknown Pin: Pin IC10-2
Add Pin To Net: Unknown Pin: Pin IC10-3
Add Pin To Net: Unknown Pin: Pin IC10-4
Add Pin To Net: Unknown Pin: Pin IC11-1
Add Pin To Net: Unknown Pin: Pin IC11-2
Add Pin To Net: Unknown Pin: Pin IC11-3
Add Pin To Net: Unknown Pin: Pin IC11-4
Add Pin To Net: Unknown Pin: Pin IC12-1
Add Pin To Net: Unknown Pin: Pin IC12-2
Add Pin To Net: Unknown Pin: Pin IC12-3
Add Pin To Net: Unknown Pin: Pin IC12-4
Add Pin To Net: Unknown Pin: Pin IC13-1
Add Pin To Net: Unknown Pin: Pin IC13-2
Add Pin To Net: Unknown Pin: Pin IC13-3
Add Pin To Net: Unknown Pin: Pin IC13-4
Add Pin To Net: Unknown Pin: Pin IC14-1
Add Pin To Net: Unknown Pin: Pin IC14-2
Add Pin To Net: Unknown Pin: Pin IC14-3
Add Pin To Net: Unknown Pin: Pin IC14-4
Add Pin To Net: Unknown Pin: Pin IC15-1
Add Pin To Net: Unknown Pin: Pin IC15-2
Add Pin To Net: Unknown Pin: Pin IC15-3
Add Pin To Net: Unknown Pin: Pin IC15-4
Add Pin To Net: Unknown Pin: Pin IC16-1
Add Pin To Net: Unknown Pin: Pin IC16-2
Add Pin To Net: Unknown Pin: Pin IC16-3
Add Pin To Net: Unknown Pin: Pin IC16-4
Add Pin To Net: Unknown Pin: Pin IC17-1
Add Pin To Net: Unknown Pin: Pin IC17-2
Add Pin To Net: Unknown Pin: Pin IC17-3
Add Pin To Net: Unknown Pin: Pin IC17-4
Add Pin To Net: Unknown Pin: Pin IC18-1
Add Pin To Net: Unknown Pin: Pin IC18-2
Add Pin To Net: Unknown Pin: Pin IC18-3
Add Pin To Net: Unknown Pin: Pin IC18-4
Add Pin To Net: Unknown Pin: Pin IC19-1
Add Pin To Net: Unknown Pin: Pin IC19-2
Add Pin To Net: Unknown Pin: Pin IC19-3
Add Pin To Net: Unknown Pin: Pin IC19-4
Add Pin To Net: Unknown Pin: Pin IC20-1
Add Pin To Net: Unknown Pin: Pin IC20-2
Add Pin To Net: Unknown Pin: Pin IC20-3
Add Pin To Net: Unknown Pin: Pin IC20-4
Add Pin To Net: Unknown Pin: Pin IC21-1
Add Pin To Net: Unknown Pin: Pin IC21-2
Add Pin To Net: Unknown Pin: Pin IC21-3
Add Pin To Net: Unknown Pin: Pin IC21-4
Add Pin To Net: Unknown Pin: Pin IC22-1
Add Pin To Net: Unknown Pin: Pin IC22-2
Add Pin To Net: Unknown Pin: Pin IC22-3
Add Pin To Net: Unknown Pin: Pin IC22-4
Add Pin To Net: Unknown Pin: Pin IC23-1
Add Pin To Net: Unknown Pin: Pin IC23-2
Add Pin To Net: Unknown Pin: Pin IC23-3
Add Pin To Net: Unknown Pin: Pin IC23-4
Add Pin To Net: Unknown Pin: Pin U2-2
Add Pin To Net: Unknown Pin: Pin U2-3
Add Pin To Net: Unknown Pin: Pin U2-4
Add Pin To Net: Unknown Pin: Pin U2-5
Add Pin To Net: Unknown Pin: Pin U2-6
Add Pin To Net: Unknown Pin: Pin U2-7
Add Pin To Net: Unknown Pin: Pin U2-16
Add Pin To Net: Unknown Pin: Pin U2-17
Add Pin To Net: Unknown Pin: Pin U2-18
Add Pin To Net: Unknown Pin: Pin U2-19
Add Pin To Net: Unknown Pin: Pin U2-20
Add Pin To Net: Unknown Pin: Pin U2-21
Add Pin To Net: Unknown Pin: Pin U2-24
Add Pin To Net: Unknown Pin: Pin U2-25
Add Pin To Net: Unknown Pin: Pin U2-32
Add Pin To Net: Unknown Pin: Pin U2-33
Add Pin To Net: Unknown Pin: Pin U2-35
Add Pin To Net: Unknown Pin: Pin U2-39
Add Pin To Net: Unknown Pin: Pin U2-40
Added Pin To Net: NetName=Enkoder P1 Pin=U?-2
Added Pin To Net: NetName=Enkoder P2 Pin=U?-3
Added Pin To Net: NetName=3.3V Pin=U?-4
Added Pin To Net: NetName=GND Pin=U?-5
Added Pin To Net: NetName=RESET Pin=U?-6
Added Pin To Net: NetName=ADC12 Pin=U?-7
Added Pin To Net: NetName=ADC13 Pin=U?-8
Added Pin To Net: NetName=ADC14 Pin=U?-9
Added Pin To Net: NetName=ADC15 Pin=U?-10
Added Pin To Net: NetName=ADC16 Pin=U?-11
Added Pin To Net: NetName=ADC17 Pin=U?-12
Added Pin To Net: NetName=ADC18 Pin=U?-13
Added Pin To Net: NetName=ADC19 Pin=U?-14
Added Pin To Net: NetName=ADC20 Pin=U?-15
Added Pin To Net: NetName=P4 Pin=U?-16
Added Pin To Net: NetName=RESET_CONTROL Pin=U?-18
Added Pin To Net: NetName=Enkoder L1 Pin=U?-22
Added Pin To Net: NetName=Enkoder L2 Pin=U?-23
Added Pin To Net: NetName=SWDIO Pin=U?-24
Added Pin To Net: NetName=SWCLK Pin=U?-25
Added Pin To Net: NetName=SPI_NSS Pin=U?-26
Added Pin To Net: NetName=SPI_SCK Pin=U?-27
Added Pin To Net: NetName=SPI_MISO Pin=U?-28
Added Pin To Net: NetName=SPI_MOSI Pin=U?-29
Added Pin To Net: NetName=UART TX Pin=U?-30
Added Pin To Net: NetName=UART RX Pin=U?-31
Add Class Member: Failed to add class member : Component *1 RT7251
Add Class Member: Failed to add class member : Component *2 RT7251
Add Class Member: Failed to add class member : Component *3 RT7251
Add Class Member: Failed to add class member : Component * TMC2208 Module
Add Class Member: Failed to add class member : Component 0,1µF UVZ1H331MPD
Add Class Member: Failed to add class member : Component 0,1µF UVZ1H331MPD
Add Class Member: Failed to add class member : Component 0,1µF UVZ1H331MPD
Added Member To Class: ClassName=STM+WirelessModule Member=Component 0.1uF GCM033C70G104KE02W
Added Member To Class: ClassName=STM+WirelessModule Member=Component 0.1uF GCM033C70G104KE02W
Added Member To Class: ClassName=STM+WirelessModule Member=Component 0.1uF GCM033C70G104KE02W
Added Member To Class: ClassName=STM+WirelessModule Member=Component 0.1uF GCM033C70G104KE02W
Add Class Member: Failed to add class member : Component 150uF UVZ1H331MPD
Add Class Member: Failed to add class member : Component 150uF UVZ1H331MPD
Add Class Member: Failed to add class member : Component AC1 LSM6DSOXTR
Add Class Member: Failed to add class member : Component ANT1 M830520
Add Class Member: Failed to add class member : Component FL1 DEA162450BT-1295A1
Add Class Member: Failed to add class member : Component IC4 KTIR0711S
Add Class Member: Failed to add class member : Component IC5 KTIR0711S
Add Class Member: Failed to add class member : Component IC6 KTIR0711S
Add Class Member: Failed to add class member : Component IC7 KTIR0711S
Add Class Member: Failed to add class member : Component IC8 KTIR0711S
Add Class Member: Failed to add class member : Component IC9 KTIR0711S
Add Class Member: Failed to add class member : Component IC10 KTIR0711S
Add Class Member: Failed to add class member : Component IC11 KTIR0711S
Add Class Member: Failed to add class member : Component IC12 KTIR0711S
Add Class Member: Failed to add class member : Component IC13 KTIR0711S
Add Class Member: Failed to add class member : Component IC14 KTIR0711S
Add Class Member: Failed to add class member : Component IC15 KTIR0711S
Add Class Member: Failed to add class member : Component IC16 KTIR0711S
Add Class Member: Failed to add class member : Component IC17 KTIR0711S
Add Class Member: Failed to add class member : Component IC18 KTIR0711S
Add Class Member: Failed to add class member : Component IC19 KTIR0711S
Add Class Member: Failed to add class member : Component IC20 KTIR0711S
Add Class Member: Failed to add class member : Component IC21 KTIR0711S
Add Class Member: Failed to add class member : Component IC22 KTIR0711S
Add Class Member: Failed to add class member : Component IC23 KTIR0711S
Add Class Member: Failed to add class member : Component U2 CC3301ENJARSBR
Added Member To Class: ClassName=STM+WirelessModule Member=Component U? STM32G071K8U6
