Added Component: Designator=C25(C 0603)
Added Component: Designator=C26(C 0603)
Added Component: Designator=C28(C 0603)
Added Component: Designator=C34(C 0603)
Added Component: Designator=R23(R 0603)
Added Component: Designator=R24(R 0603)
Added Component: Designator=R29(R 0603)
Added Component: Designator=R31(R 0603)
Added Component: Designator=R33(R 0603)
Added Component: Designator=R50(R 0603)
Added Component: Designator=R54(R 0603)
Added Component: Designator=R58(R 0603)
Added Pin To Net: NetName=ADC2 Pin=C25-1
Added Pin To Net: NetName=GND Pin=C25-2
Added Pin To Net: NetName=ADC3 Pin=C26-1
Added Pin To Net: NetName=GND Pin=C26-2
Added Pin To Net: NetName=ADC5 Pin=C28-1
Added Pin To Net: NetName=GND Pin=C28-2
Added Pin To Net: NetName=ADC11 Pin=C34-1
Added Pin To Net: NetName=GND Pin=C34-2
Added Pin To Net: NetName=3.3V Pin=R23-1
Added Pin To Net: NetName=NetIC5_3 Pin=R23-2
Added Pin To Net: NetName=3.3V Pin=R24-1
Added Pin To Net: NetName=NetIC6_3 Pin=R24-2
Added Pin To Net: NetName=ADC3 Pin=R29-1
Added Pin To Net: NetName=NetIC6_3 Pin=R29-2
Added Pin To Net: NetName=3.3V Pin=R31-1
Added Pin To Net: NetName=NetIC5_1 Pin=R31-2
Added Pin To Net: NetName=3.3V Pin=R33-1
Added Pin To Net: NetName=NetIC6_1 Pin=R33-2
Added Pin To Net: NetName=3.3V Pin=R50-1
Added Pin To Net: NetName=NetIC14_3 Pin=R50-2
Added Pin To Net: NetName=ADC11 Pin=R54-1
Added Pin To Net: NetName=NetIC14_3 Pin=R54-2
Added Pin To Net: NetName=3.3V Pin=R58-1
Added Pin To Net: NetName=NetIC14_1 Pin=R58-2
Added Member To Class: ClassName=KTIR-FRONT Member=Component C25 22nF
Added Member To Class: ClassName=KTIR-FRONT Member=Component C26 22nF
Added Member To Class: ClassName=KTIR-FRONT Member=Component C28 22nF
Added Member To Class: ClassName=KTIR-FRONT Member=Component C34 22nF
Added Member To Class: ClassName=KTIR-FRONT Member=Component R23 10k
Added Member To Class: ClassName=KTIR-FRONT Member=Component R24 10k
Added Member To Class: ClassName=KTIR-FRONT Member=Component R29 8k
Added Member To Class: ClassName=KTIR-FRONT Member=Component R31 120R
Added Member To Class: ClassName=KTIR-FRONT Member=Component R33 120R
Added Member To Class: ClassName=KTIR-FRONT Member=Component R50 10k
Added Member To Class: ClassName=KTIR-FRONT Member=Component R54 8k
Added Member To Class: ClassName=KTIR-FRONT Member=Component R58 120R
