Removed Pin From Net: NetName=GND Pin=C14-1
Removed Pin From Net: NetName=11.1V Pin=C14-2
Removed Pin From Net: NetName=GND Pin=C15-1
Removed Pin From Net: NetName=5V Pin=C15-2
Removed Pin From Net: NetName=GND Pin=C16-1
Removed Pin From Net: NetName=5V Pin=C16-2
Removed Pin From Net: NetName=GND Pin=C18-1
Removed Pin From Net: NetName=11.1V Pin=C18-2
Removed Pin From Net: NetName=GND Pin=C19-1
Removed Pin From Net: NetName=1.8V Pin=C19-2
Removed Pin From Net: NetName=GND Pin=C20-1
Removed Pin From Net: NetName=1.8V Pin=C20-2
Removed Pin From Net: NetName=11.1V Pin=IC25-2
Removed Pin From Net: NetName=GND Pin=IC25-7
Removed Pin From Net: NetName=GND Pin=IC25-8
Removed Pin From Net: NetName=GND Pin=IC25-9
Removed Pin From Net: NetName=11.1V Pin=IC26-2
Removed Pin From Net: NetName=GND Pin=IC26-7
Removed Pin From Net: NetName=GND Pin=IC26-8
Removed Pin From Net: NetName=GND Pin=IC26-9
Removed Pin From Net: NetName=5V Pin=L4-2
Removed Pin From Net: NetName=1.8V Pin=L5-2
Removed Pin From Net: NetName=11.1V Pin=R12-2
Removed Pin From Net: NetName=5V Pin=R14-1
Removed Pin From Net: NetName=GND Pin=R15-2
Removed Pin From Net: NetName=11.1V Pin=R16-2
Removed Pin From Net: NetName=1.8V Pin=R17-1
Removed Pin From Net: NetName=GND Pin=R18-2
Removed Member From Class: ClassName=zasilanie Member=C13
Removed Member From Class: ClassName=zasilanie Member=C14
Removed Member From Class: ClassName=zasilanie Member=C15
Removed Member From Class: ClassName=zasilanie Member=C16
Removed Member From Class: ClassName=zasilanie Member=C17
Removed Member From Class: ClassName=zasilanie Member=C18
Removed Member From Class: ClassName=zasilanie Member=C19
Removed Member From Class: ClassName=zasilanie Member=C20
Removed Member From Class: ClassName=zasilanie Member=IC25
Removed Member From Class: ClassName=zasilanie Member=IC26
Removed Member From Class: ClassName=zasilanie Member=L4
Removed Member From Class: ClassName=zasilanie Member=L5
Removed Member From Class: ClassName=zasilanie Member=R12
Removed Member From Class: ClassName=zasilanie Member=R14
Removed Member From Class: ClassName=zasilanie Member=R15
Removed Member From Class: ClassName=zasilanie Member=R16
Removed Member From Class: ClassName=zasilanie Member=R17
Removed Member From Class: ClassName=zasilanie Member=R18
Added Component: Designator=C?(C 0603)
Added Component: Designator=C?(C 0603)
Added Component: Designator=C?(C 0603)
Added Component: Designator=C?(C 0603)
Added Component: Designator=IC?(AZ1117CR33TRG1)
Add component (AddParameter): Name = "Arrow Part Number"; Value = "AZ1117CR-3.3TRG1"; VariantName = "[No Variations]"
Add component (AddParameter): Name = "Arrow Price/Stock"; Value = "https://www.arrow.com/en/products/az1117cr-3.3trg1/diodes-incorporated?region=nac"; VariantName = "[No Variations]"
Add component (AddParameter): Name = "Datasheet Link"; Value = "https://www.diodes.com/assets/Datasheets/AZ1117C.pdf"; VariantName = "[No Variations]"
Add component (AddParameter): Name = "Height"; Value = "2mm"; VariantName = "[No Variations]"
Add component (AddParameter): Name = "Manufacturer_Name"; Value = "Diodes Inc."; VariantName = "[No Variations]"
Add component (AddParameter): Name = "Manufacturer_Part_Number"; Value = "AZ1117CR-3.3TRG1"; VariantName = "[No Variations]"
Add component (AddParameter): Name = "Mouser Part Number"; Value = "621-AZ1117CR-3.3TRG1"; VariantName = "[No Variations]"
Add component (AddParameter): Name = "Mouser Price/Stock"; Value = "https://www.mouser.co.uk/ProductDetail/Diodes-Incorporated/AZ1117CR-3.3TRG1?qs=FKu9oBikfSlEg7waHw2tMw%3D%3D"; VariantName = "[No Variations]"
Added Component: Designator=IC?(AZ1117CR33TRG1)
Add component (AddParameter): Name = "Arrow Part Number"; Value = "AZ1117CR-3.3TRG1"; VariantName = "[No Variations]"
Add component (AddParameter): Name = "Arrow Price/Stock"; Value = "https://www.arrow.com/en/products/az1117cr-3.3trg1/diodes-incorporated?region=nac"; VariantName = "[No Variations]"
Add component (AddParameter): Name = "Datasheet Link"; Value = "https://www.diodes.com/assets/Datasheets/AZ1117C.pdf"; VariantName = "[No Variations]"
Add component (AddParameter): Name = "Height"; Value = "2mm"; VariantName = "[No Variations]"
Add component (AddParameter): Name = "Manufacturer_Name"; Value = "Diodes Inc."; VariantName = "[No Variations]"
Add component (AddParameter): Name = "Manufacturer_Part_Number"; Value = "AZ1117CR-3.3TRG1"; VariantName = "[No Variations]"
Add component (AddParameter): Name = "Mouser Part Number"; Value = "621-AZ1117CR-3.3TRG1"; VariantName = "[No Variations]"
Add component (AddParameter): Name = "Mouser Price/Stock"; Value = "https://www.mouser.co.uk/ProductDetail/Diodes-Incorporated/AZ1117CR-3.3TRG1?qs=FKu9oBikfSlEg7waHw2tMw%3D%3D"; VariantName = "[No Variations]"
Added Pin To Net: NetName=GND Pin=C?-1
Added Pin To Net: NetName=GND Pin=C?-1
Added Pin To Net: NetName=GND Pin=C?-1
Added Pin To Net: NetName=GND Pin=C?-1
Added Pin To Net: NetName=1.8V Pin=C?-2
Added Pin To Net: NetName=5V Pin=C?-2
Added Pin To Net: NetName=11.1V Pin=C?-2
Added Pin To Net: NetName=11.1V Pin=C?-2
Added Pin To Net: NetName=GND Pin=IC?-1
Added Pin To Net: NetName=GND Pin=IC?-1
Added Pin To Net: NetName=1.8V Pin=IC?-2
Added Pin To Net: NetName=5V Pin=IC?-2
Added Pin To Net: NetName=11.1V Pin=IC?-3
Added Pin To Net: NetName=11.1V Pin=IC?-3
Added Member To Class: ClassName=zasilanie Member=Component C? 1uF
Added Member To Class: ClassName=zasilanie Member=Component C? 1uF
Added Member To Class: ClassName=zasilanie Member=Component C? 1uF
Added Member To Class: ClassName=zasilanie Member=Component C? 1uF
Added Member To Class: ClassName=zasilanie Member=Component IC? AZ1117CR-3.3TRG1
Added Member To Class: ClassName=zasilanie Member=Component IC? AZ1117CR-3.3TRG1
